  [1m[36m (149.7ms)[0m  [1mCREATE TABLE `schema_migrations` (`version` varchar(255) NOT NULL) ENGINE=InnoDB[0m
  [1m[35m (81.0ms)[0m  CREATE UNIQUE INDEX `unique_schema_migrations`  ON `schema_migrations` (`version`) 
  [1m[36mActiveRecord::SchemaMigration Load (2.9ms)[0m  [1mSELECT `schema_migrations`.* FROM `schema_migrations`[0m
Migrating to DeviseCreateUsers (20160323125221)
  [1m[35m (59.0ms)[0m  CREATE TABLE `users` (`id` int(11) auto_increment PRIMARY KEY, `email` varchar(255) DEFAULT '' NOT NULL, `encrypted_password` varchar(255) DEFAULT '' NOT NULL, `reset_password_token` varchar(255), `reset_password_sent_at` datetime, `remember_created_at` datetime, `sign_in_count` int(11) DEFAULT 0 NOT NULL, `current_sign_in_at` datetime, `last_sign_in_at` datetime, `current_sign_in_ip` varchar(255), `last_sign_in_ip` varchar(255), `name` varchar(255), `profile` text, `position` varchar(255), `occupation` text, `avatar` varchar(255), `created_at` datetime NOT NULL, `updated_at` datetime NOT NULL) ENGINE=InnoDB
  [1m[36m (41.3ms)[0m  [1mCREATE UNIQUE INDEX `index_users_on_email`  ON `users` (`email`) [0m
  [1m[35m (26.2ms)[0m  CREATE UNIQUE INDEX `index_users_on_reset_password_token`  ON `users` (`reset_password_token`) 
  [1m[36m (0.3ms)[0m  [1mBEGIN[0m
  [1m[35mSQL (11.5ms)[0m  INSERT INTO `schema_migrations` (`version`) VALUES ('20160323125221')
  [1m[36m (5.4ms)[0m  [1mCOMMIT[0m
Migrating to CreatePrototypes (20160405022458)
  [1m[35m (41.2ms)[0m  CREATE TABLE `prototypes` (`id` int(11) auto_increment PRIMARY KEY, `title` varchar(255), `catch_copy` varchar(255), `concept` text, `user_id` int(11), `created_at` datetime NOT NULL, `updated_at` datetime NOT NULL,  INDEX `index_prototypes_on_user_id`  (`user_id`) ) ENGINE=InnoDB
  [1m[36m (89.5ms)[0m  [1mALTER TABLE `prototypes` ADD CONSTRAINT `fk_rails_8add56efc2`
FOREIGN KEY (`user_id`)
  REFERENCES `users` (`id`)
[0m
  [1m[35m (0.3ms)[0m  BEGIN
  [1m[36mSQL (3.5ms)[0m  [1mINSERT INTO `schema_migrations` (`version`) VALUES ('20160405022458')[0m
  [1m[35m (2.9ms)[0m  COMMIT
Migrating to CreateCapturedImages (20160405022520)
  [1m[36m (35.6ms)[0m  [1mCREATE TABLE `captured_images` (`id` int(11) auto_increment PRIMARY KEY, `content` varchar(255), `status` int(11), `prototype_id` int(11),  INDEX `index_captured_images_on_prototype_id`  (`prototype_id`) ) ENGINE=InnoDB[0m
  [1m[35m (87.4ms)[0m  ALTER TABLE `captured_images` ADD CONSTRAINT `fk_rails_9e708a4f57`
FOREIGN KEY (`prototype_id`)
  REFERENCES `prototypes` (`id`)

  [1m[36m (0.4ms)[0m  [1mBEGIN[0m
  [1m[35mSQL (3.1ms)[0m  INSERT INTO `schema_migrations` (`version`) VALUES ('20160405022520')
  [1m[36m (2.9ms)[0m  [1mCOMMIT[0m
  [1m[35mActiveRecord::SchemaMigration Load (0.4ms)[0m  SELECT `schema_migrations`.* FROM `schema_migrations`
  [1m[36m (2.9ms)[0m  [1mSELECT fk.referenced_table_name as 'to_table'
      ,fk.referenced_column_name as 'primary_key'
      ,fk.column_name as 'column'
      ,fk.constraint_name as 'name'
FROM information_schema.key_column_usage fk
WHERE fk.referenced_column_name is not null
  AND fk.table_schema = 'protospace-in-dev_development'
  AND fk.table_name = 'captured_images'
[0m
  [1m[35m (0.3ms)[0m  SHOW CREATE TABLE `captured_images`
  [1m[36m (0.6ms)[0m  [1mSELECT fk.referenced_table_name as 'to_table'
      ,fk.referenced_column_name as 'primary_key'
      ,fk.column_name as 'column'
      ,fk.constraint_name as 'name'
FROM information_schema.key_column_usage fk
WHERE fk.referenced_column_name is not null
  AND fk.table_schema = 'protospace-in-dev_development'
  AND fk.table_name = 'prototypes'
[0m
  [1m[35m (0.3ms)[0m  SHOW CREATE TABLE `prototypes`
  [1m[36m (0.3ms)[0m  [1mSELECT fk.referenced_table_name as 'to_table'
      ,fk.referenced_column_name as 'primary_key'
      ,fk.column_name as 'column'
      ,fk.constraint_name as 'name'
FROM information_schema.key_column_usage fk
WHERE fk.referenced_column_name is not null
  AND fk.table_schema = 'protospace-in-dev_development'
  AND fk.table_name = 'users'
[0m
  [1m[35m (0.2ms)[0m  SHOW CREATE TABLE `users`


Started GET "/" for ::1 at 2018-07-29 13:35:09 +0900
  [1m[36mActiveRecord::SchemaMigration Load (0.9ms)[0m  [1mSELECT `schema_migrations`.* FROM `schema_migrations`[0m
Processing by PrototypesController#index as HTML
DEPRECATION WARNING: Extra .css in SCSS file is unnecessary. Rename /Users/akihito/Desktop/6_protospace_c/app/assets/stylesheets/protospace.css.scss to /Users/akihito/Desktop/6_protospace_c/app/assets/stylesheets/protospace.scss. (called from _app_views_prototypes_index_html_haml___328272979661179783_70215761973920 at /Users/akihito/Desktop/6_protospace_c/app/views/prototypes/index.html.haml:3)
DEPRECATION WARNING: Extra .css in SCSS file is unnecessary. Rename /Users/akihito/Desktop/6_protospace_c/app/assets/stylesheets/protospace.css.scss to /Users/akihito/Desktop/6_protospace_c/app/assets/stylesheets/protospace.scss. (called from _app_views_prototypes_index_html_haml___328272979661179783_70215761973920 at /Users/akihito/Desktop/6_protospace_c/app/views/prototypes/index.html.haml:3)
  [1m[35mPrototype Load (0.5ms)[0m  SELECT `prototypes`.* FROM `prototypes`
  Rendered prototypes/_prototype.html.haml (0.0ms)
  Rendered prototypes/index.html.haml within layouts/application (6398.1ms)
  Rendered shared/_header.html.haml (16.2ms)
  Rendered shared/_messages.html.haml (3.9ms)
  Rendered shared/_footer.html.haml (3.9ms)
Completed 200 OK in 6643ms (Views: 6576.1ms | ActiveRecord: 27.0ms)


Started GET "/assets/application.self-199aa6e33d55b9c3896a71d97d1beca0a3dbc7384aec279b8e75c43a008beb56.css?body=1" for ::1 at 2018-07-29 13:35:16 +0900


Started GET "/assets/turbolinks.self-2db6ec539b9190f75e1d477b305df53d12904d5cafdd47c7ffd91ba25cbec128.js?body=1" for ::1 at 2018-07-29 13:35:16 +0900


Started GET "/assets/bootstrap.self-b38817c3e3a3049abb1fc08dd6ae448b23330f8453226efdb074710209474f75.js?body=1" for ::1 at 2018-07-29 13:35:16 +0900


Started GET "/assets/application.self-f8806224e027f3e3f0138ea9ce99319e298dfdb323304d1f1be6eae8e8c74724.js?body=1" for ::1 at 2018-07-29 13:35:16 +0900


Started GET "/" for ::1 at 2018-08-04 12:23:01 +0900

ActiveRecord::NoDatabaseError (Unknown database 'protospace-in-dev_development'):
  /Users/ysumiyoshi/.rbenv/versions/2.3.1/lib/ruby/gems/2.3.0/bundler/gems/rails-3804d017333d/activerecord/lib/active_record/connection_adapters/mysql2_adapter.rb:23:in `rescue in mysql2_connection'
  /Users/ysumiyoshi/.rbenv/versions/2.3.1/lib/ruby/gems/2.3.0/bundler/gems/rails-3804d017333d/activerecord/lib/active_record/connection_adapters/mysql2_adapter.rb:10:in `mysql2_connection'
  /Users/ysumiyoshi/.rbenv/versions/2.3.1/lib/ruby/gems/2.3.0/bundler/gems/rails-3804d017333d/activerecord/lib/active_record/connection_adapters/abstract/connection_pool.rb:438:in `new_connection'
  /Users/ysumiyoshi/.rbenv/versions/2.3.1/lib/ruby/gems/2.3.0/bundler/gems/rails-3804d017333d/activerecord/lib/active_record/connection_adapters/abstract/connection_pool.rb:448:in `checkout_new_connection'
  /Users/ysumiyoshi/.rbenv/versions/2.3.1/lib/ruby/gems/2.3.0/bundler/gems/rails-3804d017333d/activerecord/lib/active_record/connection_adapters/abstract/connection_pool.rb:422:in `acquire_connection'
  /Users/ysumiyoshi/.rbenv/versions/2.3.1/lib/ruby/gems/2.3.0/bundler/gems/rails-3804d017333d/activerecord/lib/active_record/connection_adapters/abstract/connection_pool.rb:349:in `block in checkout'
  /Users/ysumiyoshi/.rbenv/versions/2.3.1/lib/ruby/2.3.0/monitor.rb:214:in `mon_synchronize'
  /Users/ysumiyoshi/.rbenv/versions/2.3.1/lib/ruby/gems/2.3.0/bundler/gems/rails-3804d017333d/activerecord/lib/active_record/connection_adapters/abstract/connection_pool.rb:348:in `checkout'
  /Users/ysumiyoshi/.rbenv/versions/2.3.1/lib/ruby/gems/2.3.0/bundler/gems/rails-3804d017333d/activerecord/lib/active_record/connection_adapters/abstract/connection_pool.rb:263:in `block in connection'
  /Users/ysumiyoshi/.rbenv/versions/2.3.1/lib/ruby/2.3.0/monitor.rb:214:in `mon_synchronize'
  /Users/ysumiyoshi/.rbenv/versions/2.3.1/lib/ruby/gems/2.3.0/bundler/gems/rails-3804d017333d/activerecord/lib/active_record/connection_adapters/abstract/connection_pool.rb:262:in `connection'
  /Users/ysumiyoshi/.rbenv/versions/2.3.1/lib/ruby/gems/2.3.0/bundler/gems/rails-3804d017333d/activerecord/lib/active_record/connection_adapters/abstract/connection_pool.rb:571:in `retrieve_connection'
  /Users/ysumiyoshi/.rbenv/versions/2.3.1/lib/ruby/gems/2.3.0/bundler/gems/rails-3804d017333d/activerecord/lib/active_record/connection_handling.rb:113:in `retrieve_connection'
  /Users/ysumiyoshi/.rbenv/versions/2.3.1/lib/ruby/gems/2.3.0/bundler/gems/rails-3804d017333d/activerecord/lib/active_record/connection_handling.rb:87:in `connection'
  /Users/ysumiyoshi/.rbenv/versions/2.3.1/lib/ruby/gems/2.3.0/bundler/gems/rails-3804d017333d/activerecord/lib/active_record/migration.rb:383:in `connection'
  /Users/ysumiyoshi/.rbenv/versions/2.3.1/lib/ruby/gems/2.3.0/bundler/gems/rails-3804d017333d/activerecord/lib/active_record/migration.rb:370:in `call'
  /Users/ysumiyoshi/.rbenv/versions/2.3.1/lib/ruby/gems/2.3.0/bundler/gems/rails-3804d017333d/actionpack/lib/action_dispatch/middleware/callbacks.rb:29:in `block in call'
  /Users/ysumiyoshi/.rbenv/versions/2.3.1/lib/ruby/gems/2.3.0/bundler/gems/rails-3804d017333d/activesupport/lib/active_support/callbacks.rb:88:in `__run_callbacks__'
  /Users/ysumiyoshi/.rbenv/versions/2.3.1/lib/ruby/gems/2.3.0/bundler/gems/rails-3804d017333d/activesupport/lib/active_support/callbacks.rb:778:in `_run_call_callbacks'
  /Users/ysumiyoshi/.rbenv/versions/2.3.1/lib/ruby/gems/2.3.0/bundler/gems/rails-3804d017333d/activesupport/lib/active_support/callbacks.rb:81:in `run_callbacks'
  /Users/ysumiyoshi/.rbenv/versions/2.3.1/lib/ruby/gems/2.3.0/bundler/gems/rails-3804d017333d/actionpack/lib/action_dispatch/middleware/callbacks.rb:27:in `call'
  /Users/ysumiyoshi/.rbenv/versions/2.3.1/lib/ruby/gems/2.3.0/bundler/gems/rails-3804d017333d/actionpack/lib/action_dispatch/middleware/reloader.rb:73:in `call'
  /Users/ysumiyoshi/.rbenv/versions/2.3.1/lib/ruby/gems/2.3.0/bundler/gems/rails-3804d017333d/actionpack/lib/action_dispatch/middleware/remote_ip.rb:78:in `call'
  /Users/ysumiyoshi/.rbenv/versions/2.3.1/lib/ruby/gems/2.3.0/bundler/gems/rails-3804d017333d/actionpack/lib/action_dispatch/middleware/debug_exceptions.rb:17:in `call'
  web-console (2.3.0) lib/web_console/middleware.rb:28:in `block in call'
  web-console (2.3.0) lib/web_console/middleware.rb:18:in `catch'
  web-console (2.3.0) lib/web_console/middleware.rb:18:in `call'
  /Users/ysumiyoshi/.rbenv/versions/2.3.1/lib/ruby/gems/2.3.0/bundler/gems/rails-3804d017333d/actionpack/lib/action_dispatch/middleware/show_exceptions.rb:30:in `call'
  /Users/ysumiyoshi/.rbenv/versions/2.3.1/lib/ruby/gems/2.3.0/bundler/gems/rails-3804d017333d/railties/lib/rails/rack/logger.rb:38:in `call_app'
  /Users/ysumiyoshi/.rbenv/versions/2.3.1/lib/ruby/gems/2.3.0/bundler/gems/rails-3804d017333d/railties/lib/rails/rack/logger.rb:20:in `block in call'
  /Users/ysumiyoshi/.rbenv/versions/2.3.1/lib/ruby/gems/2.3.0/bundler/gems/rails-3804d017333d/activesupport/lib/active_support/tagged_logging.rb:68:in `block in tagged'
  /Users/ysumiyoshi/.rbenv/versions/2.3.1/lib/ruby/gems/2.3.0/bundler/gems/rails-3804d017333d/activesupport/lib/active_support/tagged_logging.rb:26:in `tagged'
  /Users/ysumiyoshi/.rbenv/versions/2.3.1/lib/ruby/gems/2.3.0/bundler/gems/rails-3804d017333d/activesupport/lib/active_support/tagged_logging.rb:68:in `tagged'
  /Users/ysumiyoshi/.rbenv/versions/2.3.1/lib/ruby/gems/2.3.0/bundler/gems/rails-3804d017333d/railties/lib/rails/rack/logger.rb:20:in `call'
  /Users/ysumiyoshi/.rbenv/versions/2.3.1/lib/ruby/gems/2.3.0/bundler/gems/rails-3804d017333d/actionpack/lib/action_dispatch/middleware/request_id.rb:21:in `call'
  rack (1.6.10) lib/rack/methodoverride.rb:22:in `call'
  rack (1.6.10) lib/rack/runtime.rb:18:in `call'
  /Users/ysumiyoshi/.rbenv/versions/2.3.1/lib/ruby/gems/2.3.0/bundler/gems/rails-3804d017333d/activesupport/lib/active_support/cache/strategy/local_cache_middleware.rb:28:in `call'
  rack (1.6.10) lib/rack/lock.rb:17:in `call'
  /Users/ysumiyoshi/.rbenv/versions/2.3.1/lib/ruby/gems/2.3.0/bundler/gems/rails-3804d017333d/actionpack/lib/action_dispatch/middleware/static.rb:120:in `call'
  rack (1.6.10) lib/rack/sendfile.rb:113:in `call'
  /Users/ysumiyoshi/.rbenv/versions/2.3.1/lib/ruby/gems/2.3.0/bundler/gems/rails-3804d017333d/railties/lib/rails/engine.rb:518:in `call'
  /Users/ysumiyoshi/.rbenv/versions/2.3.1/lib/ruby/gems/2.3.0/bundler/gems/rails-3804d017333d/railties/lib/rails/application.rb:165:in `call'
  rack (1.6.10) lib/rack/lock.rb:17:in `call'
  rack (1.6.10) lib/rack/content_length.rb:15:in `call'
  rack (1.6.10) lib/rack/handler/webrick.rb:88:in `service'
  /Users/ysumiyoshi/.rbenv/versions/2.3.1/lib/ruby/2.3.0/webrick/httpserver.rb:140:in `service'
  /Users/ysumiyoshi/.rbenv/versions/2.3.1/lib/ruby/2.3.0/webrick/httpserver.rb:96:in `run'
  /Users/ysumiyoshi/.rbenv/versions/2.3.1/lib/ruby/2.3.0/webrick/server.rb:296:in `block in start_thread'


  Rendered /Users/ysumiyoshi/.rbenv/versions/2.3.1/lib/ruby/gems/2.3.0/bundler/gems/rails-3804d017333d/actionpack/lib/action_dispatch/middleware/templates/rescues/_source.erb (2.6ms)
  Rendered /Users/ysumiyoshi/.rbenv/versions/2.3.1/lib/ruby/gems/2.3.0/bundler/gems/rails-3804d017333d/actionpack/lib/action_dispatch/middleware/templates/rescues/_trace.html.erb (2.3ms)
  Rendered /Users/ysumiyoshi/.rbenv/versions/2.3.1/lib/ruby/gems/2.3.0/bundler/gems/rails-3804d017333d/actionpack/lib/action_dispatch/middleware/templates/rescues/_request_and_response.html.erb (1.0ms)
  Rendered /Users/ysumiyoshi/.rbenv/versions/2.3.1/lib/ruby/gems/2.3.0/bundler/gems/rails-3804d017333d/actionpack/lib/action_dispatch/middleware/templates/rescues/diagnostics.html.erb within rescues/layout (140.9ms)
  Rendered /Users/ysumiyoshi/.rbenv/versions/2.3.1/lib/ruby/gems/2.3.0/gems/web-console-2.3.0/lib/web_console/templates/_markup.html.erb (0.5ms)
  Rendered /Users/ysumiyoshi/.rbenv/versions/2.3.1/lib/ruby/gems/2.3.0/gems/web-console-2.3.0/lib/web_console/templates/_inner_console_markup.html.erb within layouts/inlined_string (0.3ms)
  Rendered /Users/ysumiyoshi/.rbenv/versions/2.3.1/lib/ruby/gems/2.3.0/gems/web-console-2.3.0/lib/web_console/templates/_prompt_box_markup.html.erb within layouts/inlined_string (0.4ms)
  Rendered /Users/ysumiyoshi/.rbenv/versions/2.3.1/lib/ruby/gems/2.3.0/gems/web-console-2.3.0/lib/web_console/templates/style.css.erb within layouts/inlined_string (0.3ms)
  Rendered /Users/ysumiyoshi/.rbenv/versions/2.3.1/lib/ruby/gems/2.3.0/gems/web-console-2.3.0/lib/web_console/templates/console.js.erb within layouts/javascript (118.0ms)
  Rendered /Users/ysumiyoshi/.rbenv/versions/2.3.1/lib/ruby/gems/2.3.0/gems/web-console-2.3.0/lib/web_console/templates/main.js.erb within layouts/javascript (0.3ms)
  Rendered /Users/ysumiyoshi/.rbenv/versions/2.3.1/lib/ruby/gems/2.3.0/gems/web-console-2.3.0/lib/web_console/templates/error_page.js.erb within layouts/javascript (0.4ms)
  Rendered /Users/ysumiyoshi/.rbenv/versions/2.3.1/lib/ruby/gems/2.3.0/gems/web-console-2.3.0/lib/web_console/templates/index.html.erb (262.5ms)
  [1m[36m (108.3ms)[0m  [1mCREATE TABLE `schema_migrations` (`version` varchar(255) NOT NULL) ENGINE=InnoDB[0m
  [1m[35m (21.3ms)[0m  CREATE UNIQUE INDEX `unique_schema_migrations`  ON `schema_migrations` (`version`) 
  [1m[36mActiveRecord::SchemaMigration Load (0.2ms)[0m  [1mSELECT `schema_migrations`.* FROM `schema_migrations`[0m
Migrating to DeviseCreateUsers (20160323125221)
  [1m[35m (13.2ms)[0m  CREATE TABLE `users` (`id` int(11) auto_increment PRIMARY KEY, `email` varchar(255) DEFAULT '' NOT NULL, `encrypted_password` varchar(255) DEFAULT '' NOT NULL, `reset_password_token` varchar(255), `reset_password_sent_at` datetime, `remember_created_at` datetime, `sign_in_count` int(11) DEFAULT 0 NOT NULL, `current_sign_in_at` datetime, `last_sign_in_at` datetime, `current_sign_in_ip` varchar(255), `last_sign_in_ip` varchar(255), `name` varchar(255), `profile` text, `position` varchar(255), `occupation` text, `avatar` varchar(255), `created_at` datetime NOT NULL, `updated_at` datetime NOT NULL) ENGINE=InnoDB
  [1m[36m (9.3ms)[0m  [1mCREATE UNIQUE INDEX `index_users_on_email`  ON `users` (`email`) [0m
  [1m[35m (16.6ms)[0m  CREATE UNIQUE INDEX `index_users_on_reset_password_token`  ON `users` (`reset_password_token`) 
  [1m[36m (0.1ms)[0m  [1mBEGIN[0m
  [1m[35mSQL (2.5ms)[0m  INSERT INTO `schema_migrations` (`version`) VALUES ('20160323125221')
  [1m[36m (0.6ms)[0m  [1mCOMMIT[0m
Migrating to CreatePrototypes (20160405022458)
  [1m[35m (13.0ms)[0m  CREATE TABLE `prototypes` (`id` int(11) auto_increment PRIMARY KEY, `title` varchar(255), `catch_copy` varchar(255), `concept` text, `user_id` int(11), `created_at` datetime NOT NULL, `updated_at` datetime NOT NULL,  INDEX `index_prototypes_on_user_id`  (`user_id`) ) ENGINE=InnoDB
  [1m[36m (30.2ms)[0m  [1mALTER TABLE `prototypes` ADD CONSTRAINT `fk_rails_8add56efc2`
FOREIGN KEY (`user_id`)
  REFERENCES `users` (`id`)
[0m
  [1m[35m (0.2ms)[0m  BEGIN
  [1m[36mSQL (1.0ms)[0m  [1mINSERT INTO `schema_migrations` (`version`) VALUES ('20160405022458')[0m
  [1m[35m (0.7ms)[0m  COMMIT
Migrating to CreateCapturedImages (20160405022520)
  [1m[36m (13.7ms)[0m  [1mCREATE TABLE `captured_images` (`id` int(11) auto_increment PRIMARY KEY, `content` varchar(255), `status` int(11), `prototype_id` int(11),  INDEX `index_captured_images_on_prototype_id`  (`prototype_id`) ) ENGINE=InnoDB[0m
  [1m[35m (25.1ms)[0m  ALTER TABLE `captured_images` ADD CONSTRAINT `fk_rails_9e708a4f57`
FOREIGN KEY (`prototype_id`)
  REFERENCES `prototypes` (`id`)

  [1m[36m (0.2ms)[0m  [1mBEGIN[0m
  [1m[35mSQL (0.3ms)[0m  INSERT INTO `schema_migrations` (`version`) VALUES ('20160405022520')
  [1m[36m (0.5ms)[0m  [1mCOMMIT[0m
  [1m[35mActiveRecord::SchemaMigration Load (0.2ms)[0m  SELECT `schema_migrations`.* FROM `schema_migrations`
  [1m[36m (1.3ms)[0m  [1mSELECT fk.referenced_table_name as 'to_table'
      ,fk.referenced_column_name as 'primary_key'
      ,fk.column_name as 'column'
      ,fk.constraint_name as 'name'
FROM information_schema.key_column_usage fk
WHERE fk.referenced_column_name is not null
  AND fk.table_schema = 'protospace-in-dev_development'
  AND fk.table_name = 'captured_images'
[0m
  [1m[35m (0.3ms)[0m  SHOW CREATE TABLE `captured_images`
  [1m[36m (0.3ms)[0m  [1mSELECT fk.referenced_table_name as 'to_table'
      ,fk.referenced_column_name as 'primary_key'
      ,fk.column_name as 'column'
      ,fk.constraint_name as 'name'
FROM information_schema.key_column_usage fk
WHERE fk.referenced_column_name is not null
  AND fk.table_schema = 'protospace-in-dev_development'
  AND fk.table_name = 'prototypes'
[0m
  [1m[35m (0.2ms)[0m  SHOW CREATE TABLE `prototypes`
  [1m[36m (0.4ms)[0m  [1mSELECT fk.referenced_table_name as 'to_table'
      ,fk.referenced_column_name as 'primary_key'
      ,fk.column_name as 'column'
      ,fk.constraint_name as 'name'
FROM information_schema.key_column_usage fk
WHERE fk.referenced_column_name is not null
  AND fk.table_schema = 'protospace-in-dev_development'
  AND fk.table_name = 'users'
[0m
  [1m[35m (0.2ms)[0m  SHOW CREATE TABLE `users`


Started GET "/" for ::1 at 2018-08-04 12:28:10 +0900
  [1m[36mActiveRecord::SchemaMigration Load (0.2ms)[0m  [1mSELECT `schema_migrations`.* FROM `schema_migrations`[0m
Processing by PrototypesController#index as HTML
DEPRECATION WARNING: Extra .css in SCSS file is unnecessary. Rename /Users/ysumiyoshi/projects/6_protospace_c/app/assets/stylesheets/protospace.css.scss to /Users/ysumiyoshi/projects/6_protospace_c/app/assets/stylesheets/protospace.scss. (called from deprecate_extra_css_extension at /Users/ysumiyoshi/.rbenv/versions/2.3.1/lib/ruby/gems/2.3.0/gems/sass-rails-5.0.7/lib/sass/rails/importer.rb:130)
DEPRECATION WARNING: Extra .css in SCSS file is unnecessary. Rename /Users/ysumiyoshi/projects/6_protospace_c/app/assets/stylesheets/protospace.css.scss to /Users/ysumiyoshi/projects/6_protospace_c/app/assets/stylesheets/protospace.scss. (called from deprecate_extra_css_extension at /Users/ysumiyoshi/.rbenv/versions/2.3.1/lib/ruby/gems/2.3.0/gems/sass-rails-5.0.7/lib/sass/rails/importer.rb:130)
  [1m[35mPrototype Load (0.5ms)[0m  SELECT `prototypes`.* FROM `prototypes`
  Rendered prototypes/_prototype.html.haml (0.0ms)
  Rendered prototypes/index.html.haml within layouts/application (4932.4ms)
  Rendered shared/_header.html.haml (22.4ms)
  Rendered shared/_messages.html.haml (3.0ms)
  Rendered shared/_footer.html.haml (3.5ms)
Completed 200 OK in 5149ms (Views: 5109.5ms | ActiveRecord: 2.5ms)


Started GET "/assets/application.self-bb7f6741808c8a4d2c16a6c6bbca63deceed5e19704dead75b673b04df879c69.css?body=1" for ::1 at 2018-08-04 12:28:15 +0900


Started GET "/assets/bootstrap.self-b38817c3e3a3049abb1fc08dd6ae448b23330f8453226efdb074710209474f75.js?body=1" for ::1 at 2018-08-04 12:28:15 +0900


Started GET "/assets/application.self-f8806224e027f3e3f0138ea9ce99319e298dfdb323304d1f1be6eae8e8c74724.js?body=1" for ::1 at 2018-08-04 12:28:15 +0900


Started GET "/" for ::1 at 2018-08-04 12:28:39 +0900
Processing by PrototypesController#index as HTML
  [1m[36mPrototype Load (0.3ms)[0m  [1mSELECT `prototypes`.* FROM `prototypes`[0m
  Rendered prototypes/_prototype.html.haml (0.0ms)
  Rendered prototypes/index.html.haml within layouts/application (6.0ms)
  Rendered shared/_header.html.haml (2.0ms)
  Rendered shared/_messages.html.haml (0.1ms)
  Rendered shared/_footer.html.haml (0.1ms)
Completed 200 OK in 60ms (Views: 58.9ms | ActiveRecord: 0.3ms)


Started GET "/" for ::1 at 2018-08-04 12:29:12 +0900
Processing by PrototypesController#index as HTML
  [1m[35mPrototype Load (1.1ms)[0m  SELECT `prototypes`.* FROM `prototypes`
  Rendered prototypes/_prototype.html.haml (0.0ms)
  Rendered prototypes/index.html.haml within layouts/application (8.3ms)
  Rendered shared/_header.html.haml (1.3ms)
  Rendered shared/_messages.html.haml (0.1ms)
  Rendered shared/_footer.html.haml (0.0ms)
Completed 200 OK in 63ms (Views: 61.4ms | ActiveRecord: 1.1ms)


Started GET "/" for ::1 at 2018-08-04 12:29:13 +0900
Processing by PrototypesController#index as HTML
  [1m[36mPrototype Load (0.3ms)[0m  [1mSELECT `prototypes`.* FROM `prototypes`[0m
  Rendered prototypes/_prototype.html.haml (0.0ms)
  Rendered prototypes/index.html.haml within layouts/application (40.5ms)
  Rendered shared/_header.html.haml (1.4ms)
  Rendered shared/_messages.html.haml (0.1ms)
  Rendered shared/_footer.html.haml (0.2ms)
Completed 200 OK in 87ms (Views: 85.3ms | ActiveRecord: 0.3ms)


Started GET "/" for ::1 at 2018-08-04 12:29:14 +0900
Processing by PrototypesController#index as HTML
  [1m[35mPrototype Load (0.5ms)[0m  SELECT `prototypes`.* FROM `prototypes`
  Rendered prototypes/_prototype.html.haml (0.0ms)
  Rendered prototypes/index.html.haml within layouts/application (6.7ms)
  Rendered shared/_header.html.haml (1.3ms)
  Rendered shared/_messages.html.haml (0.1ms)
  Rendered shared/_footer.html.haml (0.1ms)
Completed 200 OK in 60ms (Views: 58.1ms | ActiveRecord: 0.5ms)


Started GET "/" for ::1 at 2018-08-04 12:29:15 +0900
Processing by PrototypesController#index as HTML
  [1m[36mPrototype Load (0.7ms)[0m  [1mSELECT `prototypes`.* FROM `prototypes`[0m
  Rendered prototypes/_prototype.html.haml (0.0ms)
  Rendered prototypes/index.html.haml within layouts/application (7.6ms)
  Rendered shared/_header.html.haml (1.3ms)
  Rendered shared/_messages.html.haml (0.1ms)
  Rendered shared/_footer.html.haml (0.1ms)
Completed 200 OK in 71ms (Views: 68.2ms | ActiveRecord: 0.7ms)


Started GET "/users/sign_in" for ::1 at 2018-08-04 12:29:17 +0900
Processing by Devise::SessionsController#new as HTML
  Rendered devise/sessions/new.html.haml within layouts/application (40.6ms)
  Rendered shared/_header.html.haml (1.1ms)
  Rendered shared/_messages.html.haml (0.1ms)
  Rendered shared/_footer.html.haml (0.1ms)
Completed 200 OK in 142ms (Views: 98.1ms | ActiveRecord: 15.2ms)


Started GET "/users/sign_up" for ::1 at 2018-08-04 12:29:29 +0900
Processing by Devise::RegistrationsController#new as HTML
  Rendered devise/registrations/new.html.haml within layouts/application (22.0ms)
  Rendered shared/_header.html.haml (1.2ms)
  Rendered shared/_messages.html.haml (0.2ms)
  Rendered shared/_footer.html.haml (0.1ms)
Completed 200 OK in 85ms (Views: 82.1ms | ActiveRecord: 0.0ms)


Started POST "/users" for ::1 at 2018-08-04 12:29:50 +0900
Processing by Devise::RegistrationsController#create as HTML
  Parameters: {"utf8"=>"✓", "authenticity_token"=>"QzdPX6EJjfvwGV2GKEEjrOMSn9PLTJdnajc60AhHXTP2SKXtFmT2CCg3rdMtteyQxkcAfjFwwsA4Q2Y0RPSyuA==", "user"=>{"name"=>"test1", "email"=>"test1@gmail.com", "password"=>"[FILTERED]", "password_confirmation"=>"[FILTERED]", "position"=>"", "profile"=>"", "occupation"=>""}, "commit"=>"SIGN UP"}
  [1m[35m (0.2ms)[0m  BEGIN
  [1m[36mUser Exists (8.6ms)[0m  [1mSELECT  1 AS one FROM `users` WHERE `users`.`email` = BINARY 'test1@gmail.com' LIMIT 1[0m
  [1m[35mSQL (0.3ms)[0m  INSERT INTO `users` (`email`, `encrypted_password`, `name`, `profile`, `position`, `occupation`, `created_at`, `updated_at`) VALUES ('test1@gmail.com', '$2a$11$79jzBOT1k88.xuQMql6EdexfPvyWjsp4mF59ZeCsScAh.6.PS8Iay', 'test1', '', '', '', '2018-08-04 03:29:50', '2018-08-04 03:29:50')
  [1m[36m (1.9ms)[0m  [1mCOMMIT[0m
  [1m[35m (0.1ms)[0m  BEGIN
  [1m[36mSQL (5.0ms)[0m  [1mUPDATE `users` SET `last_sign_in_at` = '2018-08-04 03:29:50', `current_sign_in_at` = '2018-08-04 03:29:50', `last_sign_in_ip` = '::1', `current_sign_in_ip` = '::1', `sign_in_count` = 1, `updated_at` = '2018-08-04 03:29:50' WHERE `users`.`id` = 1[0m
  [1m[35m (0.7ms)[0m  COMMIT
Redirected to http://localhost:3000/
Completed 302 Found in 256ms (ActiveRecord: 16.8ms)


Started GET "/" for ::1 at 2018-08-04 12:29:50 +0900
Processing by PrototypesController#index as HTML
  [1m[36mPrototype Load (0.3ms)[0m  [1mSELECT `prototypes`.* FROM `prototypes`[0m
  Rendered prototypes/_prototype.html.haml (0.0ms)
  Rendered prototypes/index.html.haml within layouts/application (5.3ms)
  [1m[35mUser Load (0.4ms)[0m  SELECT  `users`.* FROM `users` WHERE `users`.`id` = 1  ORDER BY `users`.`id` ASC LIMIT 1
  Rendered shared/_header.html.haml (3.6ms)
  Rendered shared/_messages.html.haml (0.2ms)
  Rendered shared/_footer.html.haml (0.0ms)
Completed 200 OK in 59ms (Views: 57.5ms | ActiveRecord: 0.6ms)


Started GET "/" for ::1 at 2018-08-04 12:29:56 +0900
Processing by PrototypesController#index as HTML
  [1m[36mPrototype Load (0.3ms)[0m  [1mSELECT `prototypes`.* FROM `prototypes`[0m
  Rendered prototypes/_prototype.html.haml (0.1ms)
  Rendered prototypes/index.html.haml within layouts/application (6.8ms)
  [1m[35mUser Load (0.3ms)[0m  SELECT  `users`.* FROM `users` WHERE `users`.`id` = 1  ORDER BY `users`.`id` ASC LIMIT 1
  Rendered shared/_header.html.haml (2.8ms)
  Rendered shared/_messages.html.haml (0.1ms)
  Rendered shared/_footer.html.haml (0.1ms)
Completed 200 OK in 64ms (Views: 61.5ms | ActiveRecord: 0.7ms)


Started GET "/" for ::1 at 2018-08-04 12:29:58 +0900
Processing by PrototypesController#index as HTML
  [1m[36mPrototype Load (0.4ms)[0m  [1mSELECT `prototypes`.* FROM `prototypes`[0m
  Rendered prototypes/_prototype.html.haml (0.0ms)
  Rendered prototypes/index.html.haml within layouts/application (6.3ms)
  [1m[35mUser Load (0.3ms)[0m  SELECT  `users`.* FROM `users` WHERE `users`.`id` = 1  ORDER BY `users`.`id` ASC LIMIT 1
  Rendered shared/_header.html.haml (2.4ms)
  Rendered shared/_messages.html.haml (0.2ms)
  Rendered shared/_footer.html.haml (0.1ms)
Completed 200 OK in 49ms (Views: 47.3ms | ActiveRecord: 0.7ms)


Started GET "/" for ::1 at 2018-08-04 12:30:05 +0900
Processing by PrototypesController#index as HTML
  [1m[36mPrototype Load (0.3ms)[0m  [1mSELECT `prototypes`.* FROM `prototypes`[0m
  Rendered prototypes/_prototype.html.haml (0.0ms)
  Rendered prototypes/index.html.haml within layouts/application (6.3ms)
  [1m[35mUser Load (0.3ms)[0m  SELECT  `users`.* FROM `users` WHERE `users`.`id` = 1  ORDER BY `users`.`id` ASC LIMIT 1
  Rendered shared/_header.html.haml (2.4ms)
  Rendered shared/_messages.html.haml (0.1ms)
  Rendered shared/_footer.html.haml (0.1ms)
Completed 200 OK in 64ms (Views: 62.7ms | ActiveRecord: 0.7ms)


Started GET "/prototypes/new" for ::1 at 2018-08-04 12:30:06 +0900
Processing by PrototypesController#new as HTML
  [1m[36mUser Load (0.3ms)[0m  [1mSELECT  `users`.* FROM `users` WHERE `users`.`id` = 1  ORDER BY `users`.`id` ASC LIMIT 1[0m
  Rendered prototypes/new.html.haml within layouts/application (10.3ms)
  Rendered shared/_header.html.haml (1.3ms)
  Rendered shared/_messages.html.haml (0.1ms)
  Rendered shared/_footer.html.haml (0.0ms)
Completed 200 OK in 88ms (Views: 39.3ms | ActiveRecord: 6.2ms)


Started GET "/" for ::1 at 2018-08-04 12:31:40 +0900
Processing by PrototypesController#index as HTML
  [1m[35mPrototype Load (1.9ms)[0m  SELECT `prototypes`.* FROM `prototypes`
  Rendered prototypes/_prototype.html.haml (0.0ms)
  Rendered prototypes/index.html.haml within layouts/application (31.1ms)
  [1m[36mUser Load (1.0ms)[0m  [1mSELECT  `users`.* FROM `users` WHERE `users`.`id` = 1  ORDER BY `users`.`id` ASC LIMIT 1[0m
  Rendered shared/_header.html.haml (22.8ms)
  Rendered shared/_messages.html.haml (0.3ms)
  Rendered shared/_footer.html.haml (0.1ms)
Completed 200 OK in 133ms (Views: 120.6ms | ActiveRecord: 2.9ms)


Started GET "/prototypes/new" for ::1 at 2018-08-04 12:31:48 +0900
Processing by PrototypesController#new as HTML
  [1m[35mUser Load (0.5ms)[0m  SELECT  `users`.* FROM `users` WHERE `users`.`id` = 1  ORDER BY `users`.`id` ASC LIMIT 1
  Rendered prototypes/new.html.haml within layouts/application (11.8ms)
  Rendered shared/_header.html.haml (1.8ms)
  Rendered shared/_messages.html.haml (0.1ms)
  Rendered shared/_footer.html.haml (0.1ms)
Completed 200 OK in 83ms (Views: 74.4ms | ActiveRecord: 0.5ms)


Started GET "/prototypes/new" for ::1 at 2018-08-04 12:31:50 +0900
Processing by PrototypesController#new as HTML
  [1m[36mUser Load (2.2ms)[0m  [1mSELECT  `users`.* FROM `users` WHERE `users`.`id` = 1  ORDER BY `users`.`id` ASC LIMIT 1[0m
  Rendered prototypes/new.html.haml within layouts/application (9.6ms)
  Rendered shared/_header.html.haml (2.0ms)
  Rendered shared/_messages.html.haml (0.2ms)
  Rendered shared/_footer.html.haml (0.1ms)
Completed 200 OK in 91ms (Views: 84.0ms | ActiveRecord: 2.2ms)


Started GET "/prototypes/new" for ::1 at 2018-08-04 12:32:10 +0900
Processing by PrototypesController#new as HTML
  [1m[35mUser Load (0.5ms)[0m  SELECT  `users`.* FROM `users` WHERE `users`.`id` = 1  ORDER BY `users`.`id` ASC LIMIT 1
  Rendered prototypes/new.html.haml within layouts/application (9.4ms)
  Rendered shared/_header.html.haml (1.5ms)
  Rendered shared/_messages.html.haml (0.1ms)
  Rendered shared/_footer.html.haml (0.1ms)
Completed 200 OK in 65ms (Views: 62.6ms | ActiveRecord: 0.5ms)


Started GET "/prototypes/new" for ::1 at 2018-08-04 12:32:13 +0900
Processing by PrototypesController#new as HTML
  [1m[36mUser Load (0.8ms)[0m  [1mSELECT  `users`.* FROM `users` WHERE `users`.`id` = 1  ORDER BY `users`.`id` ASC LIMIT 1[0m
  Rendered prototypes/new.html.haml within layouts/application (5.3ms)
  Rendered shared/_header.html.haml (1.4ms)
  Rendered shared/_messages.html.haml (0.1ms)
  Rendered shared/_footer.html.haml (0.0ms)
Completed 200 OK in 62ms (Views: 56.9ms | ActiveRecord: 0.8ms)


Started GET "/" for ::1 at 2018-08-04 12:34:18 +0900
Processing by PrototypesController#index as HTML
  [1m[35mPrototype Load (3.3ms)[0m  SELECT `prototypes`.* FROM `prototypes`
  Rendered prototypes/_prototype.html.haml (0.0ms)
  Rendered prototypes/index.html.haml within layouts/application (10.8ms)
  [1m[36mUser Load (0.4ms)[0m  [1mSELECT  `users`.* FROM `users` WHERE `users`.`id` = 1  ORDER BY `users`.`id` ASC LIMIT 1[0m
  Rendered shared/_header.html.haml (3.6ms)
  Rendered shared/_messages.html.haml (0.1ms)
  Rendered shared/_footer.html.haml (0.1ms)
Completed 200 OK in 74ms (Views: 68.4ms | ActiveRecord: 3.7ms)


Started GET "/prototypes/new" for ::1 at 2018-08-04 12:34:28 +0900
Processing by PrototypesController#new as HTML
  [1m[35mUser Load (0.4ms)[0m  SELECT  `users`.* FROM `users` WHERE `users`.`id` = 1  ORDER BY `users`.`id` ASC LIMIT 1
  Rendered prototypes/new.html.haml within layouts/application (7.7ms)
  Rendered shared/_header.html.haml (1.9ms)
  Rendered shared/_messages.html.haml (0.1ms)
  Rendered shared/_footer.html.haml (0.1ms)
Completed 200 OK in 74ms (Views: 70.9ms | ActiveRecord: 0.4ms)


Started GET "/prototypes/new" for ::1 at 2018-08-04 12:34:44 +0900
Processing by PrototypesController#new as HTML
  [1m[36mUser Load (0.5ms)[0m  [1mSELECT  `users`.* FROM `users` WHERE `users`.`id` = 1  ORDER BY `users`.`id` ASC LIMIT 1[0m
  Rendered prototypes/new.html.haml within layouts/application (8.4ms)
  Rendered shared/_header.html.haml (1.6ms)
  Rendered shared/_messages.html.haml (0.1ms)
  Rendered shared/_footer.html.haml (0.1ms)
Completed 200 OK in 72ms (Views: 66.1ms | ActiveRecord: 0.5ms)


Started POST "/prototypes" for ::1 at 2018-08-04 12:38:49 +0900
Processing by PrototypesController#create as HTML
  Parameters: {"utf8"=>"✓", "authenticity_token"=>"FUbXUm5RFotss+d2hbQM+gVNE6gaNEf7OuEPo13Q2MagOT3g2TxteLSdFyOAQMPGIBiMBeAIElxolVNHEWM3TQ==", "prototype"=>{"user_id"=>"1", "title"=>"sample1", "captured_images_attributes"=>{"0"=>{"content"=>#<ActionDispatch::Http::UploadedFile:0x007fa20ad3c530 @tempfile=#<Tempfile:/var/folders/7y/rw7gr6w17t75jpm86kr8bk400000gn/T/RackMultipart20180804-28260-12vt8vt.JPG>, @original_filename="mOT001.JPG", @content_type="image/jpeg", @headers="Content-Disposition: form-data; name=\"prototype[captured_images_attributes][0][content]\"; filename=\"mOT001.JPG\"\r\nContent-Type: image/jpeg\r\n">, "status"=>"main"}, "1"=>{"content"=>#<ActionDispatch::Http::UploadedFile:0x007fa20ad3c3c8 @tempfile=#<Tempfile:/var/folders/7y/rw7gr6w17t75jpm86kr8bk400000gn/T/RackMultipart20180804-28260-17xwywh.JPG>, @original_filename="mOT004.JPG", @content_type="image/jpeg", @headers="Content-Disposition: form-data; name=\"prototype[captured_images_attributes][1][content]\"; filename=\"mOT004.JPG\"\r\nContent-Type: image/jpeg\r\n">, "status"=>"sub"}, "2"=>{"status"=>"sub"}, "3"=>{"status"=>"sub"}}, "catch_copy"=>"", "concept"=>""}, "commit"=>"PUBLISH"}
  [1m[35m (0.3ms)[0m  BEGIN
  [1m[36m (0.2ms)[0m  [1mROLLBACK[0m
Redirected to 
Completed 500 Internal Server Error in 2600ms (ActiveRecord: 0.5ms)

ActionController::UrlGenerationError (No route matches {:action=>"#<CapturedImage:0x007fa20c9f11d0>", :controller=>"prototypes"}):
  app/controllers/prototypes_controller.rb:18:in `create'


  Rendered /Users/ysumiyoshi/.rbenv/versions/2.3.1/lib/ruby/gems/2.3.0/bundler/gems/rails-3804d017333d/actionpack/lib/action_dispatch/middleware/templates/rescues/_source.erb (4.4ms)
  Rendered /Users/ysumiyoshi/.rbenv/versions/2.3.1/lib/ruby/gems/2.3.0/bundler/gems/rails-3804d017333d/actionpack/lib/action_dispatch/middleware/templates/rescues/_trace.html.erb (3.2ms)
  Rendered /Users/ysumiyoshi/.rbenv/versions/2.3.1/lib/ruby/gems/2.3.0/bundler/gems/rails-3804d017333d/actionpack/lib/action_dispatch/middleware/templates/rescues/_request_and_response.html.erb (1.7ms)
  Rendered /Users/ysumiyoshi/.rbenv/versions/2.3.1/lib/ruby/gems/2.3.0/bundler/gems/rails-3804d017333d/actionpack/lib/action_dispatch/middleware/templates/rescues/diagnostics.html.erb within rescues/layout (138.1ms)
  Rendered /Users/ysumiyoshi/.rbenv/versions/2.3.1/lib/ruby/gems/2.3.0/gems/web-console-2.3.0/lib/web_console/templates/_markup.html.erb (0.5ms)
  Rendered /Users/ysumiyoshi/.rbenv/versions/2.3.1/lib/ruby/gems/2.3.0/gems/web-console-2.3.0/lib/web_console/templates/_inner_console_markup.html.erb within layouts/inlined_string (0.4ms)
  Rendered /Users/ysumiyoshi/.rbenv/versions/2.3.1/lib/ruby/gems/2.3.0/gems/web-console-2.3.0/lib/web_console/templates/_prompt_box_markup.html.erb within layouts/inlined_string (0.4ms)
  Rendered /Users/ysumiyoshi/.rbenv/versions/2.3.1/lib/ruby/gems/2.3.0/gems/web-console-2.3.0/lib/web_console/templates/style.css.erb within layouts/inlined_string (0.4ms)
  Rendered /Users/ysumiyoshi/.rbenv/versions/2.3.1/lib/ruby/gems/2.3.0/gems/web-console-2.3.0/lib/web_console/templates/console.js.erb within layouts/javascript (114.0ms)
  Rendered /Users/ysumiyoshi/.rbenv/versions/2.3.1/lib/ruby/gems/2.3.0/gems/web-console-2.3.0/lib/web_console/templates/main.js.erb within layouts/javascript (0.3ms)
  Rendered /Users/ysumiyoshi/.rbenv/versions/2.3.1/lib/ruby/gems/2.3.0/gems/web-console-2.3.0/lib/web_console/templates/error_page.js.erb within layouts/javascript (1.3ms)
  Rendered /Users/ysumiyoshi/.rbenv/versions/2.3.1/lib/ruby/gems/2.3.0/gems/web-console-2.3.0/lib/web_console/templates/index.html.erb (258.6ms)


Started GET "/prototypes/new" for ::1 at 2018-08-04 12:47:36 +0900
Processing by PrototypesController#new as HTML
  [1m[35mUser Load (1.1ms)[0m  SELECT  `users`.* FROM `users` WHERE `users`.`id` = 1  ORDER BY `users`.`id` ASC LIMIT 1
  Rendered prototypes/new.html.haml within layouts/application (7.9ms)
  Rendered shared/_header.html.haml (4.6ms)
  Rendered shared/_messages.html.haml (0.2ms)
  Rendered shared/_footer.html.haml (0.1ms)
Completed 200 OK in 154ms (Views: 150.3ms | ActiveRecord: 1.1ms)


Started GET "/assets/preview.self-6626e15531e42c36a41a2bf4bbec4c4fa6cdf53ef7a4a47cdf683e6a42a36609.js?body=1" for ::1 at 2018-08-04 12:47:36 +0900


Started GET "/prototypes/new" for ::1 at 2018-08-04 12:49:35 +0900
Processing by PrototypesController#new as HTML
  [1m[36mUser Load (0.7ms)[0m  [1mSELECT  `users`.* FROM `users` WHERE `users`.`id` = 1  ORDER BY `users`.`id` ASC LIMIT 1[0m
  Rendered prototypes/new.html.haml within layouts/application (4.0ms)
  Rendered shared/_header.html.haml (2.5ms)
  Rendered shared/_messages.html.haml (0.1ms)
  Rendered shared/_footer.html.haml (0.1ms)
Completed 200 OK in 155ms (Views: 153.3ms | ActiveRecord: 0.7ms)


Started GET "/assets/preview.self-f8a42334a6701fcdd04450388159e2f19c3ea13ec1e1495232542b93d66d0201.js?body=1" for ::1 at 2018-08-04 12:49:35 +0900


Started GET "/prototypes/new" for ::1 at 2018-08-04 12:49:58 +0900
Processing by PrototypesController#new as HTML
  [1m[35mUser Load (0.5ms)[0m  SELECT  `users`.* FROM `users` WHERE `users`.`id` = 1  ORDER BY `users`.`id` ASC LIMIT 1
  Rendered prototypes/new.html.haml within layouts/application (24.8ms)
  Rendered shared/_header.html.haml (1.4ms)
  Rendered shared/_messages.html.haml (0.1ms)
  Rendered shared/_footer.html.haml (0.1ms)
Completed 200 OK in 184ms (Views: 180.4ms | ActiveRecord: 0.5ms)


Started GET "/assets/preview.self-98ef30d4dad3bc4886ba4108ad6e28cc045b367be6ae83250ac9fdc21ffc0966.js?body=1" for ::1 at 2018-08-04 12:49:58 +0900


Started GET "/prototypes/new" for ::1 at 2018-08-04 12:50:13 +0900
Processing by PrototypesController#new as HTML
  [1m[36mUser Load (0.4ms)[0m  [1mSELECT  `users`.* FROM `users` WHERE `users`.`id` = 1  ORDER BY `users`.`id` ASC LIMIT 1[0m
  Rendered prototypes/new.html.haml within layouts/application (3.7ms)
  Rendered shared/_header.html.haml (1.9ms)
  Rendered shared/_messages.html.haml (0.1ms)
  Rendered shared/_footer.html.haml (0.0ms)
Completed 200 OK in 45ms (Views: 43.6ms | ActiveRecord: 0.4ms)


Started GET "/prototypes/new" for ::1 at 2018-08-04 12:52:59 +0900
Processing by PrototypesController#new as HTML
  [1m[35mUser Load (0.4ms)[0m  SELECT  `users`.* FROM `users` WHERE `users`.`id` = 1  ORDER BY `users`.`id` ASC LIMIT 1
  Rendered prototypes/new.html.haml within layouts/application (5.3ms)
  Rendered shared/_header.html.haml (3.2ms)
  Rendered shared/_messages.html.haml (0.1ms)
  Rendered shared/_footer.html.haml (0.1ms)
Completed 200 OK in 164ms (Views: 159.7ms | ActiveRecord: 0.4ms)


Started GET "/assets/preview.self-3c1cb87244bf9d27c612e6d4f5dc874c10406a3d56e45816066aafd2248c55e4.js?body=1" for ::1 at 2018-08-04 12:52:59 +0900


Started GET "/prototypes/new" for ::1 at 2018-08-04 12:53:13 +0900
Processing by PrototypesController#new as HTML
  [1m[36mUser Load (0.3ms)[0m  [1mSELECT  `users`.* FROM `users` WHERE `users`.`id` = 1  ORDER BY `users`.`id` ASC LIMIT 1[0m
  Rendered prototypes/new.html.haml within layouts/application (4.5ms)
  Rendered shared/_header.html.haml (2.5ms)
  Rendered shared/_messages.html.haml (0.1ms)
  Rendered shared/_footer.html.haml (0.1ms)
Completed 200 OK in 66ms (Views: 64.3ms | ActiveRecord: 0.3ms)


Started GET "/" for ::1 at 2018-08-04 12:53:15 +0900
Processing by PrototypesController#index as HTML
  [1m[35mPrototype Load (1.7ms)[0m  SELECT `prototypes`.* FROM `prototypes`
  Rendered prototypes/_prototype.html.haml (0.0ms)
  Rendered prototypes/index.html.haml within layouts/application (8.8ms)
  [1m[36mUser Load (0.4ms)[0m  [1mSELECT  `users`.* FROM `users` WHERE `users`.`id` = 1  ORDER BY `users`.`id` ASC LIMIT 1[0m
  Rendered shared/_header.html.haml (4.0ms)
  Rendered shared/_messages.html.haml (0.1ms)
  Rendered shared/_footer.html.haml (0.1ms)
Completed 200 OK in 69ms (Views: 66.5ms | ActiveRecord: 2.1ms)


Started GET "/prototypes/new" for ::1 at 2018-08-04 12:53:17 +0900
Processing by PrototypesController#new as HTML
  [1m[35mUser Load (0.4ms)[0m  SELECT  `users`.* FROM `users` WHERE `users`.`id` = 1  ORDER BY `users`.`id` ASC LIMIT 1
  Rendered prototypes/new.html.haml within layouts/application (9.3ms)
  Rendered shared/_header.html.haml (1.4ms)
  Rendered shared/_messages.html.haml (0.1ms)
  Rendered shared/_footer.html.haml (0.0ms)
Completed 200 OK in 85ms (Views: 79.8ms | ActiveRecord: 0.4ms)


Started GET "/prototypes/new" for ::1 at 2018-08-04 12:57:35 +0900
Processing by PrototypesController#new as HTML
  [1m[36mUser Load (0.6ms)[0m  [1mSELECT  `users`.* FROM `users` WHERE `users`.`id` = 1  ORDER BY `users`.`id` ASC LIMIT 1[0m
  Rendered prototypes/new.html.haml within layouts/application (5.8ms)
  Rendered shared/_header.html.haml (2.8ms)
  Rendered shared/_messages.html.haml (0.1ms)
  Rendered shared/_footer.html.haml (0.1ms)
Completed 200 OK in 209ms (Views: 207.0ms | ActiveRecord: 0.6ms)


Started GET "/assets/preview.self-20d785cff657cc6cd455237db182a36a02c0ee4c5601d93a005106fd2e9d0e2e.js?body=1" for ::1 at 2018-08-04 12:57:35 +0900


Started GET "/prototypes/new" for ::1 at 2018-08-04 12:58:16 +0900
Processing by PrototypesController#new as HTML
  [1m[35mUser Load (0.9ms)[0m  SELECT  `users`.* FROM `users` WHERE `users`.`id` = 1  ORDER BY `users`.`id` ASC LIMIT 1
  Rendered prototypes/new.html.haml within layouts/application (18.2ms)
  Rendered shared/_header.html.haml (2.4ms)
  Rendered shared/_messages.html.haml (0.1ms)
  Rendered shared/_footer.html.haml (0.2ms)
Completed 200 OK in 264ms (Views: 260.3ms | ActiveRecord: 0.9ms)


Started GET "/assets/preview.self-d111181d3f46f4ad4859f6659ce08ae6349919b8e90c8336a6d5e7a8472eefc1.js?body=1" for ::1 at 2018-08-04 12:58:16 +0900


Started GET "/prototypes/new" for ::1 at 2018-08-04 12:59:21 +0900
Processing by PrototypesController#new as HTML
  [1m[36mUser Load (0.9ms)[0m  [1mSELECT  `users`.* FROM `users` WHERE `users`.`id` = 1  ORDER BY `users`.`id` ASC LIMIT 1[0m
  Rendered prototypes/new.html.haml within layouts/application (21.0ms)
  Rendered shared/_header.html.haml (3.4ms)
  Rendered shared/_messages.html.haml (0.3ms)
  Rendered shared/_footer.html.haml (0.6ms)
Completed 200 OK in 211ms (Views: 196.4ms | ActiveRecord: 0.9ms)


Started GET "/assets/preview.self-cfe1946fa6e2786b272ee334dd8eea8385b9cc7448b94291d4283d74efb432c9.js?body=1" for ::1 at 2018-08-04 12:59:21 +0900


Started GET "/prototypes/new" for ::1 at 2018-08-04 13:00:36 +0900
Processing by PrototypesController#new as HTML
  [1m[35mUser Load (0.3ms)[0m  SELECT  `users`.* FROM `users` WHERE `users`.`id` = 1  ORDER BY `users`.`id` ASC LIMIT 1
  Rendered prototypes/new.html.haml within layouts/application (4.2ms)
  Rendered shared/_header.html.haml (2.5ms)
  Rendered shared/_messages.html.haml (0.1ms)
  Rendered shared/_footer.html.haml (0.1ms)
Completed 200 OK in 65ms (Views: 62.8ms | ActiveRecord: 0.3ms)


Started GET "/prototypes/new" for ::1 at 2018-08-04 13:02:00 +0900
Processing by PrototypesController#new as HTML
  [1m[36mUser Load (0.4ms)[0m  [1mSELECT  `users`.* FROM `users` WHERE `users`.`id` = 1  ORDER BY `users`.`id` ASC LIMIT 1[0m
  Rendered prototypes/new.html.haml within layouts/application (4.6ms)
  Rendered shared/_header.html.haml (2.7ms)
  Rendered shared/_messages.html.haml (0.2ms)
  Rendered shared/_footer.html.haml (0.1ms)
Completed 200 OK in 167ms (Views: 164.7ms | ActiveRecord: 0.4ms)


Started GET "/assets/preview.self-e4c7d3c8bcd5ee32afca35e6685eda62747974754af3defe7fd7526ece68be99.js?body=1" for ::1 at 2018-08-04 13:02:00 +0900


Started GET "/prototypes/new" for ::1 at 2018-08-04 13:02:54 +0900
Processing by PrototypesController#new as HTML
  [1m[35mUser Load (3.6ms)[0m  SELECT  `users`.* FROM `users` WHERE `users`.`id` = 1  ORDER BY `users`.`id` ASC LIMIT 1
  Rendered prototypes/new.html.haml within layouts/application (11.2ms)
  Rendered shared/_header.html.haml (6.4ms)
  Rendered shared/_messages.html.haml (0.1ms)
  Rendered shared/_footer.html.haml (0.1ms)
Completed 200 OK in 356ms (Views: 350.7ms | ActiveRecord: 3.6ms)


Started GET "/assets/preview.self-086f87477ce30489e2f8b52a7317735c88dd2453fb89c2bd4b964cf0ac5b7a0b.js?body=1" for ::1 at 2018-08-04 13:02:54 +0900


Started GET "/prototypes/new" for ::1 at 2018-08-04 13:03:09 +0900
Processing by PrototypesController#new as HTML
  [1m[36mUser Load (0.4ms)[0m  [1mSELECT  `users`.* FROM `users` WHERE `users`.`id` = 1  ORDER BY `users`.`id` ASC LIMIT 1[0m
  Rendered prototypes/new.html.haml within layouts/application (4.8ms)
  Rendered shared/_header.html.haml (1.4ms)
  Rendered shared/_messages.html.haml (0.2ms)
  Rendered shared/_footer.html.haml (0.1ms)
Completed 200 OK in 50ms (Views: 47.4ms | ActiveRecord: 0.4ms)


Started GET "/prototypes/new" for ::1 at 2018-08-04 13:03:28 +0900
Processing by PrototypesController#new as HTML
  [1m[35mUser Load (0.4ms)[0m  SELECT  `users`.* FROM `users` WHERE `users`.`id` = 1  ORDER BY `users`.`id` ASC LIMIT 1
  Rendered prototypes/new.html.haml within layouts/application (4.7ms)
  Rendered shared/_header.html.haml (2.0ms)
  Rendered shared/_messages.html.haml (0.2ms)
  Rendered shared/_footer.html.haml (0.1ms)
Completed 200 OK in 171ms (Views: 168.8ms | ActiveRecord: 0.4ms)


Started GET "/assets/preview.self-a7c847e90b46e2ef9eb8f3a8eab807ff9b86ecf69ac631e73f3652c17cd4dfa5.js?body=1" for ::1 at 2018-08-04 13:03:29 +0900


Started GET "/" for ::1 at 2018-08-04 13:03:53 +0900
Processing by PrototypesController#index as HTML
  [1m[36mPrototype Load (0.6ms)[0m  [1mSELECT `prototypes`.* FROM `prototypes`[0m
  Rendered prototypes/_prototype.html.haml (0.0ms)
  Rendered prototypes/index.html.haml within layouts/application (9.2ms)
  [1m[35mUser Load (0.4ms)[0m  SELECT  `users`.* FROM `users` WHERE `users`.`id` = 1  ORDER BY `users`.`id` ASC LIMIT 1
  Rendered shared/_header.html.haml (3.0ms)
  Rendered shared/_messages.html.haml (0.4ms)
  Rendered shared/_footer.html.haml (0.1ms)
Completed 200 OK in 94ms (Views: 92.2ms | ActiveRecord: 1.0ms)


Started GET "/prototypes/new" for ::1 at 2018-08-04 13:04:11 +0900
Processing by PrototypesController#new as HTML
  [1m[36mUser Load (0.4ms)[0m  [1mSELECT  `users`.* FROM `users` WHERE `users`.`id` = 1  ORDER BY `users`.`id` ASC LIMIT 1[0m
  Rendered prototypes/new.html.haml within layouts/application (4.0ms)
  Rendered shared/_header.html.haml (1.3ms)
  Rendered shared/_messages.html.haml (0.1ms)
  Rendered shared/_footer.html.haml (0.1ms)
Completed 200 OK in 120ms (Views: 117.6ms | ActiveRecord: 0.4ms)


Started GET "/assets/preview.self-9b32ad77b484c3189c76d460740a40ea7e95e103236e179f0d5e1198ab80b96f.js?body=1" for ::1 at 2018-08-04 13:04:11 +0900


Started GET "/prototypes/new" for ::1 at 2018-08-04 13:04:32 +0900
Processing by PrototypesController#new as HTML
  [1m[35mUser Load (0.4ms)[0m  SELECT  `users`.* FROM `users` WHERE `users`.`id` = 1  ORDER BY `users`.`id` ASC LIMIT 1
  Rendered prototypes/new.html.haml within layouts/application (4.7ms)
  Rendered shared/_header.html.haml (1.8ms)
  Rendered shared/_messages.html.haml (0.1ms)
  Rendered shared/_footer.html.haml (0.1ms)
Completed 200 OK in 50ms (Views: 48.7ms | ActiveRecord: 0.4ms)


Started GET "/prototypes/new" for ::1 at 2018-08-04 13:05:58 +0900
Processing by PrototypesController#new as HTML
  [1m[36mUser Load (0.3ms)[0m  [1mSELECT  `users`.* FROM `users` WHERE `users`.`id` = 1  ORDER BY `users`.`id` ASC LIMIT 1[0m
  Rendered prototypes/new.html.haml within layouts/application (4.1ms)
  Rendered shared/_header.html.haml (2.4ms)
  Rendered shared/_messages.html.haml (0.1ms)
  Rendered shared/_footer.html.haml (0.1ms)
Completed 200 OK in 70ms (Views: 68.3ms | ActiveRecord: 0.3ms)


Started GET "/prototypes/new" for ::1 at 2018-08-04 13:06:34 +0900
Processing by PrototypesController#new as HTML
  [1m[35mUser Load (0.5ms)[0m  SELECT  `users`.* FROM `users` WHERE `users`.`id` = 1  ORDER BY `users`.`id` ASC LIMIT 1
  Rendered prototypes/new.html.haml within layouts/application (5.0ms)
  Rendered shared/_header.html.haml (2.4ms)
  Rendered shared/_messages.html.haml (0.2ms)
  Rendered shared/_footer.html.haml (0.1ms)
Completed 200 OK in 137ms (Views: 133.6ms | ActiveRecord: 0.5ms)


Started GET "/assets/preview.self-b074c471946c743325c5a2118f663806deecc265c50510fc8e4fef2105e54897.js?body=1" for ::1 at 2018-08-04 13:06:34 +0900


Started GET "/prototypes/new" for ::1 at 2018-08-04 13:08:16 +0900
Processing by PrototypesController#new as HTML
  [1m[36mUser Load (0.8ms)[0m  [1mSELECT  `users`.* FROM `users` WHERE `users`.`id` = 1  ORDER BY `users`.`id` ASC LIMIT 1[0m
  Rendered prototypes/new.html.haml within layouts/application (7.3ms)
  Rendered shared/_header.html.haml (2.2ms)
  Rendered shared/_messages.html.haml (0.2ms)
  Rendered shared/_footer.html.haml (0.1ms)
Completed 200 OK in 144ms (Views: 140.4ms | ActiveRecord: 0.8ms)


Started GET "/assets/preview.self-54dd3e7db2521553d90b8753c16aebc12cfcff375dfd9b4a93ca03a7cafee718.js?body=1" for ::1 at 2018-08-04 13:08:16 +0900


Started GET "/prototypes/new" for ::1 at 2018-08-04 13:40:27 +0900
Processing by PrototypesController#new as HTML
  [1m[35mUser Load (1.7ms)[0m  SELECT  `users`.* FROM `users` WHERE `users`.`id` = 1  ORDER BY `users`.`id` ASC LIMIT 1
  Rendered prototypes/new.html.haml within layouts/application (29.9ms)
  Rendered shared/_header.html.haml (4.6ms)
  Rendered shared/_messages.html.haml (0.4ms)
  Rendered shared/_footer.html.haml (0.9ms)
Completed 200 OK in 206ms (Views: 180.8ms | ActiveRecord: 1.7ms)


Started GET "/" for ::1 at 2018-08-04 13:40:51 +0900
Processing by PrototypesController#index as HTML
  [1m[36mPrototype Load (1.2ms)[0m  [1mSELECT `prototypes`.* FROM `prototypes`[0m
  Rendered prototypes/_prototype.html.haml (0.0ms)
  Rendered prototypes/index.html.haml within layouts/application (21.1ms)
  [1m[35mUser Load (0.6ms)[0m  SELECT  `users`.* FROM `users` WHERE `users`.`id` = 1  ORDER BY `users`.`id` ASC LIMIT 1
  Rendered shared/_header.html.haml (6.0ms)
  Rendered shared/_messages.html.haml (0.2ms)
  Rendered shared/_footer.html.haml (0.1ms)
Completed 200 OK in 123ms (Views: 120.3ms | ActiveRecord: 1.9ms)


Started GET "/prototypes/new" for ::1 at 2018-08-04 13:40:56 +0900
Processing by PrototypesController#new as HTML
  [1m[36mUser Load (0.4ms)[0m  [1mSELECT  `users`.* FROM `users` WHERE `users`.`id` = 1  ORDER BY `users`.`id` ASC LIMIT 1[0m
  Rendered prototypes/new.html.haml within layouts/application (4.8ms)
  Rendered shared/_header.html.haml (1.4ms)
  Rendered shared/_messages.html.haml (0.1ms)
  Rendered shared/_footer.html.haml (0.1ms)
Completed 200 OK in 55ms (Views: 52.4ms | ActiveRecord: 0.4ms)


Started GET "/prototypes/new" for ::1 at 2018-08-04 13:45:14 +0900
Processing by PrototypesController#new as HTML
  [1m[35mUser Load (0.4ms)[0m  SELECT  `users`.* FROM `users` WHERE `users`.`id` = 1  ORDER BY `users`.`id` ASC LIMIT 1
  Rendered prototypes/new.html.haml within layouts/application (12.5ms)
  Rendered shared/_header.html.haml (2.7ms)
  Rendered shared/_messages.html.haml (0.2ms)
  Rendered shared/_footer.html.haml (0.1ms)
Completed 200 OK in 208ms (Views: 205.5ms | ActiveRecord: 0.4ms)


Started GET "/assets/preview.self-2592b7915af642c2a15120207e639b8dde40e0a336fd1ea7a578eeba69f4e8bf.js?body=1" for ::1 at 2018-08-04 13:45:14 +0900


Started GET "/prototypes/new" for ::1 at 2018-08-04 13:45:42 +0900
Processing by PrototypesController#new as HTML
  [1m[36mUser Load (0.4ms)[0m  [1mSELECT  `users`.* FROM `users` WHERE `users`.`id` = 1  ORDER BY `users`.`id` ASC LIMIT 1[0m
  Rendered prototypes/new.html.haml within layouts/application (4.6ms)
  Rendered shared/_header.html.haml (2.0ms)
  Rendered shared/_messages.html.haml (0.1ms)
  Rendered shared/_footer.html.haml (0.1ms)
Completed 200 OK in 175ms (Views: 172.6ms | ActiveRecord: 0.4ms)


Started GET "/assets/preview.self-b8db1081b5d80911f76cfcd7f84a0bcf6cae8a427ddef04fd1d61b24d28ed5e3.js?body=1" for ::1 at 2018-08-04 13:45:43 +0900


Started GET "/prototypes/new" for ::1 at 2018-08-04 13:46:14 +0900
Processing by PrototypesController#new as HTML
  [1m[35mUser Load (0.4ms)[0m  SELECT  `users`.* FROM `users` WHERE `users`.`id` = 1  ORDER BY `users`.`id` ASC LIMIT 1
  Rendered prototypes/new.html.haml within layouts/application (5.3ms)
  Rendered shared/_header.html.haml (2.0ms)
  Rendered shared/_messages.html.haml (0.1ms)
  Rendered shared/_footer.html.haml (0.1ms)
Completed 200 OK in 58ms (Views: 56.3ms | ActiveRecord: 0.4ms)


Started GET "/prototypes/new" for ::1 at 2018-08-04 13:48:14 +0900
Processing by PrototypesController#new as HTML
  [1m[36mUser Load (2.5ms)[0m  [1mSELECT  `users`.* FROM `users` WHERE `users`.`id` = 1  ORDER BY `users`.`id` ASC LIMIT 1[0m
  Rendered prototypes/new.html.haml within layouts/application (27.2ms)
  Rendered shared/_header.html.haml (3.8ms)
  Rendered shared/_messages.html.haml (0.4ms)
  Rendered shared/_footer.html.haml (0.3ms)
Completed 200 OK in 145ms (Views: 123.8ms | ActiveRecord: 2.5ms)


Started GET "/prototypes/new" for ::1 at 2018-08-04 13:49:38 +0900
Processing by PrototypesController#new as HTML
  [1m[35mUser Load (0.4ms)[0m  SELECT  `users`.* FROM `users` WHERE `users`.`id` = 1  ORDER BY `users`.`id` ASC LIMIT 1
  Rendered prototypes/new.html.haml within layouts/application (5.0ms)
  Rendered shared/_header.html.haml (2.2ms)
  Rendered shared/_messages.html.haml (0.1ms)
  Rendered shared/_footer.html.haml (0.1ms)
Completed 200 OK in 71ms (Views: 67.4ms | ActiveRecord: 0.4ms)


Started GET "/prototypes/new" for ::1 at 2018-08-04 13:59:25 +0900
Processing by PrototypesController#new as HTML
  [1m[36mUser Load (1.5ms)[0m  [1mSELECT  `users`.* FROM `users` WHERE `users`.`id` = 1  ORDER BY `users`.`id` ASC LIMIT 1[0m
  Rendered prototypes/new.html.haml within layouts/application (27.0ms)
  Rendered shared/_header.html.haml (10.4ms)
  Rendered shared/_messages.html.haml (0.4ms)
  Rendered shared/_footer.html.haml (0.3ms)
Completed 200 OK in 274ms (Views: 245.2ms | ActiveRecord: 1.5ms)


Started GET "/assets/preview.self-ac6e67b152cf700a3fb9e2984b7216454b38c638965bfa0bfc5162cabc76701d.js?body=1" for ::1 at 2018-08-04 13:59:25 +0900


Started GET "/prototypes/new" for ::1 at 2018-08-04 13:59:52 +0900
Processing by PrototypesController#new as HTML
  [1m[35mUser Load (0.4ms)[0m  SELECT  `users`.* FROM `users` WHERE `users`.`id` = 1  ORDER BY `users`.`id` ASC LIMIT 1
  Rendered prototypes/new.html.haml within layouts/application (4.1ms)
  Rendered shared/_header.html.haml (1.9ms)
  Rendered shared/_messages.html.haml (0.1ms)
  Rendered shared/_footer.html.haml (0.0ms)
Completed 200 OK in 55ms (Views: 53.5ms | ActiveRecord: 0.4ms)


Started GET "/prototypes/new" for ::1 at 2018-08-04 14:01:08 +0900
Processing by PrototypesController#new as HTML
  [1m[36mUser Load (0.3ms)[0m  [1mSELECT  `users`.* FROM `users` WHERE `users`.`id` = 1  ORDER BY `users`.`id` ASC LIMIT 1[0m
  Rendered prototypes/new.html.haml within layouts/application (4.1ms)
  Rendered shared/_header.html.haml (2.0ms)
  Rendered shared/_messages.html.haml (0.1ms)
  Rendered shared/_footer.html.haml (0.1ms)
Completed 200 OK in 63ms (Views: 61.2ms | ActiveRecord: 0.3ms)


Started GET "/prototypes/new" for ::1 at 2018-08-04 14:01:56 +0900
Processing by PrototypesController#new as HTML
  [1m[35mUser Load (0.6ms)[0m  SELECT  `users`.* FROM `users` WHERE `users`.`id` = 1  ORDER BY `users`.`id` ASC LIMIT 1
  Rendered prototypes/new.html.haml within layouts/application (5.5ms)
  Rendered shared/_header.html.haml (2.3ms)
  Rendered shared/_messages.html.haml (0.2ms)
  Rendered shared/_footer.html.haml (0.1ms)
Completed 200 OK in 154ms (Views: 151.9ms | ActiveRecord: 0.6ms)


Started GET "/assets/preview.self-46bf133d44dc18de4a8bbdd326e64645efa90ba2fdba053e33e5ac4fb4166d3e.js?body=1" for ::1 at 2018-08-04 14:01:56 +0900


Started GET "/prototypes/new" for ::1 at 2018-08-04 14:02:42 +0900
Processing by PrototypesController#new as HTML
  [1m[36mUser Load (0.4ms)[0m  [1mSELECT  `users`.* FROM `users` WHERE `users`.`id` = 1  ORDER BY `users`.`id` ASC LIMIT 1[0m
  Rendered prototypes/new.html.haml within layouts/application (4.3ms)
  Rendered shared/_header.html.haml (1.6ms)
  Rendered shared/_messages.html.haml (0.1ms)
  Rendered shared/_footer.html.haml (0.0ms)
Completed 200 OK in 64ms (Views: 62.2ms | ActiveRecord: 0.4ms)


Started GET "/prototypes/new" for ::1 at 2018-08-04 14:07:27 +0900
Processing by PrototypesController#new as HTML
  [1m[35mUser Load (2.3ms)[0m  SELECT  `users`.* FROM `users` WHERE `users`.`id` = 1  ORDER BY `users`.`id` ASC LIMIT 1
  Rendered prototypes/new.html.haml within layouts/application (9.7ms)
  Rendered shared/_header.html.haml (2.6ms)
  Rendered shared/_messages.html.haml (0.1ms)
  Rendered shared/_footer.html.haml (0.1ms)
Completed 200 OK in 161ms (Views: 156.6ms | ActiveRecord: 2.3ms)


Started GET "/assets/preview.self-3397eaa06e96a2c787c0f293c3e3c8924a296d3f0b32226b3b9f42c2d22932d9.js?body=1" for ::1 at 2018-08-04 14:07:27 +0900


Started GET "/prototypes/new" for ::1 at 2018-08-04 14:09:20 +0900
Processing by PrototypesController#new as HTML
  [1m[36mUser Load (0.5ms)[0m  [1mSELECT  `users`.* FROM `users` WHERE `users`.`id` = 1  ORDER BY `users`.`id` ASC LIMIT 1[0m
  Rendered prototypes/new.html.haml within layouts/application (5.0ms)
  Rendered shared/_header.html.haml (3.7ms)
  Rendered shared/_messages.html.haml (0.2ms)
  Rendered shared/_footer.html.haml (0.0ms)
Completed 200 OK in 272ms (Views: 269.4ms | ActiveRecord: 0.5ms)


Started GET "/assets/preview.self-2e1b6e5fc970eed8a3d6bc878b7a01bf912eb68054a1640a901bda35c08fca98.js?body=1" for ::1 at 2018-08-04 14:09:20 +0900


Started GET "/prototypes/new" for ::1 at 2018-08-04 14:09:53 +0900
Processing by PrototypesController#new as HTML
  [1m[35mUser Load (0.3ms)[0m  SELECT  `users`.* FROM `users` WHERE `users`.`id` = 1  ORDER BY `users`.`id` ASC LIMIT 1
  Rendered prototypes/new.html.haml within layouts/application (18.0ms)
  Rendered shared/_header.html.haml (10.0ms)
  Rendered shared/_messages.html.haml (0.1ms)
  Rendered shared/_footer.html.haml (1.5ms)
Completed 200 OK in 274ms (Views: 271.9ms | ActiveRecord: 0.3ms)


Started GET "/assets/preview.self-287702f7a899e6d377c552c71e06b4e9c7f7c41ebde1b8182a4f90f432d7eb7f.js?body=1" for ::1 at 2018-08-04 14:09:54 +0900


Started GET "/prototypes/new" for ::1 at 2018-08-04 14:11:19 +0900
Processing by PrototypesController#new as HTML
  [1m[36mUser Load (0.4ms)[0m  [1mSELECT  `users`.* FROM `users` WHERE `users`.`id` = 1  ORDER BY `users`.`id` ASC LIMIT 1[0m
  Rendered prototypes/new.html.haml within layouts/application (12.8ms)
  Rendered shared/_header.html.haml (3.4ms)
  Rendered shared/_messages.html.haml (0.1ms)
  Rendered shared/_footer.html.haml (0.1ms)
Completed 200 OK in 119ms (Views: 115.6ms | ActiveRecord: 0.4ms)


Started GET "/prototypes/new" for ::1 at 2018-08-04 14:11:51 +0900
Processing by PrototypesController#new as HTML
  [1m[35mUser Load (0.4ms)[0m  SELECT  `users`.* FROM `users` WHERE `users`.`id` = 1  ORDER BY `users`.`id` ASC LIMIT 1
  Rendered prototypes/new.html.haml within layouts/application (7.8ms)
  Rendered shared/_header.html.haml (2.3ms)
  Rendered shared/_messages.html.haml (0.1ms)
  Rendered shared/_footer.html.haml (0.1ms)
Completed 200 OK in 69ms (Views: 65.3ms | ActiveRecord: 0.4ms)


Started GET "/prototypes/new" for ::1 at 2018-08-04 14:12:10 +0900
Processing by PrototypesController#new as HTML
  [1m[36mUser Load (0.4ms)[0m  [1mSELECT  `users`.* FROM `users` WHERE `users`.`id` = 1  ORDER BY `users`.`id` ASC LIMIT 1[0m
  Rendered prototypes/new.html.haml within layouts/application (5.3ms)
  Rendered shared/_header.html.haml (4.3ms)
  Rendered shared/_messages.html.haml (0.1ms)
  Rendered shared/_footer.html.haml (0.1ms)
Completed 200 OK in 152ms (Views: 150.1ms | ActiveRecord: 0.4ms)


Started GET "/assets/preview.self-a2378aee4e6c894cc9601b20a2553b57ec3d91d0a7733ccdf80551d3a704a7ef.js?body=1" for ::1 at 2018-08-04 14:12:10 +0900


Started GET "/" for ::1 at 2018-08-04 14:12:25 +0900
Processing by PrototypesController#index as HTML
  [1m[35mPrototype Load (0.5ms)[0m  SELECT `prototypes`.* FROM `prototypes`
  Rendered prototypes/_prototype.html.haml (0.0ms)
  Rendered prototypes/index.html.haml within layouts/application (6.9ms)
  [1m[36mUser Load (0.6ms)[0m  [1mSELECT  `users`.* FROM `users` WHERE `users`.`id` = 1  ORDER BY `users`.`id` ASC LIMIT 1[0m
  Rendered shared/_header.html.haml (5.7ms)
  Rendered shared/_messages.html.haml (0.2ms)
  Rendered shared/_footer.html.haml (0.3ms)
Completed 200 OK in 96ms (Views: 94.2ms | ActiveRecord: 1.1ms)


Started GET "/prototypes/new" for ::1 at 2018-08-04 14:13:21 +0900
Processing by PrototypesController#new as HTML
  [1m[35mUser Load (0.3ms)[0m  SELECT  `users`.* FROM `users` WHERE `users`.`id` = 1  ORDER BY `users`.`id` ASC LIMIT 1
  Rendered prototypes/new.html.haml within layouts/application (4.8ms)
  Rendered shared/_header.html.haml (4.0ms)
  Rendered shared/_messages.html.haml (0.1ms)
  Rendered shared/_footer.html.haml (0.1ms)
Completed 200 OK in 149ms (Views: 147.0ms | ActiveRecord: 0.3ms)


Started GET "/assets/preview.self-bcbed23ad1075e303a9ed9c422ac0975eed8306d84cb8140785265618a508819.js?body=1" for ::1 at 2018-08-04 14:13:21 +0900


Started GET "/prototypes/new" for ::1 at 2018-08-04 14:13:58 +0900
Processing by PrototypesController#new as HTML
  [1m[36mUser Load (0.3ms)[0m  [1mSELECT  `users`.* FROM `users` WHERE `users`.`id` = 1  ORDER BY `users`.`id` ASC LIMIT 1[0m
  Rendered prototypes/new.html.haml within layouts/application (4.3ms)
  Rendered shared/_header.html.haml (1.3ms)
  Rendered shared/_messages.html.haml (0.1ms)
  Rendered shared/_footer.html.haml (0.1ms)
Completed 200 OK in 46ms (Views: 43.7ms | ActiveRecord: 0.3ms)


Started GET "/prototypes/new" for ::1 at 2018-08-04 14:14:23 +0900
Processing by PrototypesController#new as HTML
  [1m[35mUser Load (0.3ms)[0m  SELECT  `users`.* FROM `users` WHERE `users`.`id` = 1  ORDER BY `users`.`id` ASC LIMIT 1
  Rendered prototypes/new.html.haml within layouts/application (4.0ms)
  Rendered shared/_header.html.haml (1.9ms)
  Rendered shared/_messages.html.haml (0.1ms)
  Rendered shared/_footer.html.haml (0.1ms)
Completed 200 OK in 53ms (Views: 51.6ms | ActiveRecord: 0.3ms)


Started GET "/prototypes/new" for ::1 at 2018-08-04 14:15:35 +0900
Processing by PrototypesController#new as HTML
  [1m[36mUser Load (0.4ms)[0m  [1mSELECT  `users`.* FROM `users` WHERE `users`.`id` = 1  ORDER BY `users`.`id` ASC LIMIT 1[0m
  Rendered prototypes/new.html.haml within layouts/application (8.4ms)
  Rendered shared/_header.html.haml (2.4ms)
  Rendered shared/_messages.html.haml (0.2ms)
  Rendered shared/_footer.html.haml (0.1ms)
Completed 200 OK in 77ms (Views: 73.0ms | ActiveRecord: 0.4ms)


Started GET "/prototypes/new" for ::1 at 2018-08-04 14:17:33 +0900
Processing by PrototypesController#new as HTML
  [1m[35mUser Load (0.3ms)[0m  SELECT  `users`.* FROM `users` WHERE `users`.`id` = 1  ORDER BY `users`.`id` ASC LIMIT 1
  Rendered prototypes/new.html.haml within layouts/application (5.1ms)
  Rendered shared/_header.html.haml (2.2ms)
  Rendered shared/_messages.html.haml (0.1ms)
  Rendered shared/_footer.html.haml (0.1ms)
Completed 200 OK in 165ms (Views: 162.6ms | ActiveRecord: 0.3ms)


Started GET "/assets/preview.self-691a6b2eb0ce57e00376f736a3e57a08b001bb8ff78cf8fae9111e7cc0c7fb93.js?body=1" for ::1 at 2018-08-04 14:17:34 +0900


Started GET "/prototypes/new" for ::1 at 2018-08-04 14:22:17 +0900
Processing by PrototypesController#new as HTML
  [1m[36mUser Load (0.4ms)[0m  [1mSELECT  `users`.* FROM `users` WHERE `users`.`id` = 1  ORDER BY `users`.`id` ASC LIMIT 1[0m
  Rendered prototypes/new.html.haml within layouts/application (7.3ms)
  Rendered shared/_header.html.haml (2.7ms)
  Rendered shared/_messages.html.haml (0.1ms)
  Rendered shared/_footer.html.haml (0.1ms)
Completed 200 OK in 202ms (Views: 198.6ms | ActiveRecord: 0.4ms)


Started GET "/assets/preview.self-ac4a852d7e2fecb6df5666a981da6db347e32b3827a7200eafffd4794b51467a.js?body=1" for ::1 at 2018-08-04 14:22:17 +0900


Started GET "/prototypes/new" for ::1 at 2018-08-04 14:27:25 +0900
Processing by PrototypesController#new as HTML
  [1m[35mUser Load (1.7ms)[0m  SELECT  `users`.* FROM `users` WHERE `users`.`id` = 1  ORDER BY `users`.`id` ASC LIMIT 1
  Rendered prototypes/new.html.haml within layouts/application (30.5ms)
  Rendered shared/_header.html.haml (3.8ms)
  Rendered shared/_messages.html.haml (0.4ms)
  Rendered shared/_footer.html.haml (0.4ms)
Completed 200 OK in 262ms (Views: 230.0ms | ActiveRecord: 1.7ms)


Started GET "/assets/preview.self-184d217b54c731045ac77887968bfbc2934af32e02e1611e447abc2f61890ccf.js?body=1" for ::1 at 2018-08-04 14:27:25 +0900


Started GET "/prototypes/new" for ::1 at 2018-08-04 14:28:43 +0900
Processing by PrototypesController#new as HTML
  [1m[36mUser Load (0.5ms)[0m  [1mSELECT  `users`.* FROM `users` WHERE `users`.`id` = 1  ORDER BY `users`.`id` ASC LIMIT 1[0m
  Rendered prototypes/new.html.haml within layouts/application (7.0ms)
  Rendered shared/_header.html.haml (4.0ms)
  Rendered shared/_messages.html.haml (1.3ms)
  Rendered shared/_footer.html.haml (0.0ms)
Completed 200 OK in 224ms (Views: 221.4ms | ActiveRecord: 0.5ms)


Started GET "/assets/preview.self-9ac6cc3fb37b125337185682ffad6d5aa3a2cad97ef00e00e3d2b012ed2cc987.js?body=1" for ::1 at 2018-08-04 14:28:43 +0900


Started GET "/prototypes/new" for ::1 at 2018-08-04 14:29:32 +0900
Processing by PrototypesController#new as HTML
  [1m[35mUser Load (0.4ms)[0m  SELECT  `users`.* FROM `users` WHERE `users`.`id` = 1  ORDER BY `users`.`id` ASC LIMIT 1
  Rendered prototypes/new.html.haml within layouts/application (7.6ms)
  Rendered shared/_header.html.haml (4.1ms)
  Rendered shared/_messages.html.haml (0.1ms)
  Rendered shared/_footer.html.haml (0.1ms)
Completed 200 OK in 162ms (Views: 159.1ms | ActiveRecord: 0.4ms)


Started GET "/assets/preview.self-92100af81fd2e2429862b1bc0b50d7ddeb28207b0ca307c68fe5b939a2be4712.js?body=1" for ::1 at 2018-08-04 14:29:32 +0900


Started GET "/prototypes/new" for ::1 at 2018-08-04 14:30:06 +0900
Processing by PrototypesController#new as HTML
  [1m[36mUser Load (0.5ms)[0m  [1mSELECT  `users`.* FROM `users` WHERE `users`.`id` = 1  ORDER BY `users`.`id` ASC LIMIT 1[0m
  Rendered prototypes/new.html.haml within layouts/application (5.7ms)
  Rendered shared/_header.html.haml (2.8ms)
  Rendered shared/_messages.html.haml (0.1ms)
  Rendered shared/_footer.html.haml (0.1ms)
Completed 200 OK in 74ms (Views: 71.4ms | ActiveRecord: 0.5ms)


Started GET "/prototypes/new" for ::1 at 2018-08-04 14:32:34 +0900
Processing by PrototypesController#new as HTML
  [1m[35mUser Load (0.4ms)[0m  SELECT  `users`.* FROM `users` WHERE `users`.`id` = 1  ORDER BY `users`.`id` ASC LIMIT 1
  Rendered prototypes/new.html.haml within layouts/application (9.2ms)
  Rendered shared/_header.html.haml (1.5ms)
  Rendered shared/_messages.html.haml (0.2ms)
  Rendered shared/_footer.html.haml (0.1ms)
Completed 200 OK in 367ms (Views: 363.6ms | ActiveRecord: 0.4ms)


Started GET "/assets/preview.self-b9cd304cb5d2d3a41b49b6272081bb7822c128d4b15167243c8ab155d38ef0fd.js?body=1" for ::1 at 2018-08-04 14:32:35 +0900


Started POST "/prototypes" for ::1 at 2018-08-04 14:33:17 +0900
Processing by PrototypesController#create as HTML
  Parameters: {"utf8"=>"✓", "authenticity_token"=>"NXkMHl2REyzpQrT9RIIggV9IYN6mlT6V6XY4oNDLM2WABuas6vxo3zFsRKhBdu+9eh3/c1ypazK7AmREnHjc7g==", "prototype"=>{"user_id"=>"1", "title"=>"sample1", "captured_images_attributes"=>{"0"=>{"content"=>#<ActionDispatch::Http::UploadedFile:0x007fa202274510 @tempfile=#<Tempfile:/var/folders/7y/rw7gr6w17t75jpm86kr8bk400000gn/T/RackMultipart20180804-28260-wwidsg.JPG>, @original_filename="mOT005.JPG", @content_type="image/jpeg", @headers="Content-Disposition: form-data; name=\"prototype[captured_images_attributes][0][content]\"; filename=\"mOT005.JPG\"\r\nContent-Type: image/jpeg\r\n">, "status"=>"main"}, "1"=>{"status"=>"sub"}, "2"=>{"status"=>"sub"}, "3"=>{"status"=>"sub"}}, "catch_copy"=>"", "concept"=>""}, "commit"=>"PUBLISH"}
  [1m[36m (0.3ms)[0m  [1mBEGIN[0m
  [1m[35m (0.2ms)[0m  ROLLBACK
Redirected to 
Completed 500 Internal Server Error in 1670ms (ActiveRecord: 0.6ms)

ActionController::UrlGenerationError (No route matches {:action=>"#<CapturedImage:0x007fa201dd7e30>", :controller=>"prototypes"}):
  app/controllers/prototypes_controller.rb:18:in `create'


  Rendered /Users/ysumiyoshi/.rbenv/versions/2.3.1/lib/ruby/gems/2.3.0/bundler/gems/rails-3804d017333d/actionpack/lib/action_dispatch/middleware/templates/rescues/_source.erb (4.5ms)
  Rendered /Users/ysumiyoshi/.rbenv/versions/2.3.1/lib/ruby/gems/2.3.0/bundler/gems/rails-3804d017333d/actionpack/lib/action_dispatch/middleware/templates/rescues/_trace.html.erb (2.4ms)
  Rendered /Users/ysumiyoshi/.rbenv/versions/2.3.1/lib/ruby/gems/2.3.0/bundler/gems/rails-3804d017333d/actionpack/lib/action_dispatch/middleware/templates/rescues/_request_and_response.html.erb (1.3ms)
  Rendered /Users/ysumiyoshi/.rbenv/versions/2.3.1/lib/ruby/gems/2.3.0/bundler/gems/rails-3804d017333d/actionpack/lib/action_dispatch/middleware/templates/rescues/diagnostics.html.erb within rescues/layout (125.4ms)
  Rendered /Users/ysumiyoshi/.rbenv/versions/2.3.1/lib/ruby/gems/2.3.0/gems/web-console-2.3.0/lib/web_console/templates/_markup.html.erb (0.4ms)
  Rendered /Users/ysumiyoshi/.rbenv/versions/2.3.1/lib/ruby/gems/2.3.0/gems/web-console-2.3.0/lib/web_console/templates/_inner_console_markup.html.erb within layouts/inlined_string (0.3ms)
  Rendered /Users/ysumiyoshi/.rbenv/versions/2.3.1/lib/ruby/gems/2.3.0/gems/web-console-2.3.0/lib/web_console/templates/_prompt_box_markup.html.erb within layouts/inlined_string (0.3ms)
  Rendered /Users/ysumiyoshi/.rbenv/versions/2.3.1/lib/ruby/gems/2.3.0/gems/web-console-2.3.0/lib/web_console/templates/style.css.erb within layouts/inlined_string (0.4ms)
  Rendered /Users/ysumiyoshi/.rbenv/versions/2.3.1/lib/ruby/gems/2.3.0/gems/web-console-2.3.0/lib/web_console/templates/console.js.erb within layouts/javascript (96.7ms)
  Rendered /Users/ysumiyoshi/.rbenv/versions/2.3.1/lib/ruby/gems/2.3.0/gems/web-console-2.3.0/lib/web_console/templates/main.js.erb within layouts/javascript (0.3ms)
  Rendered /Users/ysumiyoshi/.rbenv/versions/2.3.1/lib/ruby/gems/2.3.0/gems/web-console-2.3.0/lib/web_console/templates/error_page.js.erb within layouts/javascript (0.3ms)
  Rendered /Users/ysumiyoshi/.rbenv/versions/2.3.1/lib/ruby/gems/2.3.0/gems/web-console-2.3.0/lib/web_console/templates/index.html.erb (222.2ms)


Started GET "/prototypes/new" for ::1 at 2018-08-04 14:45:16 +0900
Processing by PrototypesController#new as HTML
  [1m[36mUser Load (2.2ms)[0m  [1mSELECT  `users`.* FROM `users` WHERE `users`.`id` = 1  ORDER BY `users`.`id` ASC LIMIT 1[0m
  Rendered prototypes/new.html.haml within layouts/application (25.9ms)
  Rendered shared/_header.html.haml (3.9ms)
  Rendered shared/_messages.html.haml (0.4ms)
  Rendered shared/_footer.html.haml (0.2ms)
Completed 200 OK in 200ms (Views: 174.2ms | ActiveRecord: 2.2ms)


Started GET "/prototypes/new" for ::1 at 2018-08-04 14:48:20 +0900
Processing by PrototypesController#new as HTML
  [1m[35mUser Load (0.5ms)[0m  SELECT  `users`.* FROM `users` WHERE `users`.`id` = 1  ORDER BY `users`.`id` ASC LIMIT 1
  Rendered prototypes/new.html.haml within layouts/application (7.2ms)
  Rendered shared/_header.html.haml (2.2ms)
  Rendered shared/_messages.html.haml (0.1ms)
  Rendered shared/_footer.html.haml (0.1ms)
Completed 200 OK in 303ms (Views: 299.6ms | ActiveRecord: 0.5ms)


Started GET "/assets/preview.self-e13b86a33206021d9e7a0a6f1ce83829033a98d1380fd2c5461ac5fc82577041.js?body=1" for ::1 at 2018-08-04 14:48:20 +0900


Started GET "/prototypes/new" for ::1 at 2018-08-04 14:54:09 +0900
Processing by PrototypesController#new as HTML
  [1m[36mUser Load (1.9ms)[0m  [1mSELECT  `users`.* FROM `users` WHERE `users`.`id` = 1  ORDER BY `users`.`id` ASC LIMIT 1[0m
  Rendered prototypes/new.html.haml within layouts/application (32.8ms)
  Rendered shared/_header.html.haml (4.3ms)
  Rendered shared/_messages.html.haml (0.4ms)
  Rendered shared/_footer.html.haml (0.2ms)
Completed 200 OK in 262ms (Views: 238.9ms | ActiveRecord: 1.9ms)


Started GET "/assets/preview.self-bf298c6c1f83d9e3273da70ac5b44121dbd60969754c3b39901a2fd4f9a1715b.js?body=1" for ::1 at 2018-08-04 14:54:09 +0900


Started GET "/prototypes/new" for ::1 at 2018-08-04 14:56:44 +0900
Processing by PrototypesController#new as HTML
  [1m[35mUser Load (1.3ms)[0m  SELECT  `users`.* FROM `users` WHERE `users`.`id` = 1  ORDER BY `users`.`id` ASC LIMIT 1
  Rendered prototypes/new.html.haml within layouts/application (6.9ms)
  Rendered shared/_header.html.haml (2.3ms)
  Rendered shared/_messages.html.haml (0.3ms)
  Rendered shared/_footer.html.haml (0.1ms)
Completed 200 OK in 187ms (Views: 184.2ms | ActiveRecord: 1.3ms)


Started GET "/assets/preview.self-d3f3b525a386672ec5648e645b84fe72662f65488a942d4c3800a8fce652b310.js?body=1" for ::1 at 2018-08-04 14:56:44 +0900


Started GET "/prototypes/new" for ::1 at 2018-08-04 14:58:33 +0900
Processing by PrototypesController#new as HTML
  [1m[36mUser Load (0.4ms)[0m  [1mSELECT  `users`.* FROM `users` WHERE `users`.`id` = 1  ORDER BY `users`.`id` ASC LIMIT 1[0m
  Rendered prototypes/new.html.haml within layouts/application (5.4ms)
  Rendered shared/_header.html.haml (2.5ms)
  Rendered shared/_messages.html.haml (0.1ms)
  Rendered shared/_footer.html.haml (0.1ms)
Completed 200 OK in 160ms (Views: 157.7ms | ActiveRecord: 0.4ms)


Started GET "/assets/preview.self-e07b9ce12cb4ff79fdd389cbb24b25e0ba1884a54acb53d5a91cb8d6979e74c7.js?body=1" for ::1 at 2018-08-04 14:58:33 +0900


Started GET "/prototypes/new" for ::1 at 2018-08-04 15:00:24 +0900
Processing by PrototypesController#new as HTML
  [1m[35mUser Load (1.7ms)[0m  SELECT  `users`.* FROM `users` WHERE `users`.`id` = 1  ORDER BY `users`.`id` ASC LIMIT 1
  Rendered prototypes/new.html.haml within layouts/application (25.8ms)
  Rendered shared/_header.html.haml (2.7ms)
  Rendered shared/_messages.html.haml (0.3ms)
  Rendered shared/_footer.html.haml (0.1ms)
Completed 200 OK in 229ms (Views: 205.3ms | ActiveRecord: 1.7ms)


Started GET "/assets/preview.self-c16d57fa4cf65846a03cdd1e7e9a54a56bf9f1b41c4b0703df58acb26b10a123.js?body=1" for ::1 at 2018-08-04 15:00:24 +0900


Started GET "/prototypes/new" for ::1 at 2018-08-04 15:01:07 +0900
Processing by PrototypesController#new as HTML
  [1m[36mUser Load (0.3ms)[0m  [1mSELECT  `users`.* FROM `users` WHERE `users`.`id` = 1  ORDER BY `users`.`id` ASC LIMIT 1[0m
  Rendered prototypes/new.html.haml within layouts/application (6.4ms)
  Rendered shared/_header.html.haml (3.6ms)
  Rendered shared/_messages.html.haml (0.2ms)
  Rendered shared/_footer.html.haml (0.1ms)
Completed 200 OK in 96ms (Views: 93.2ms | ActiveRecord: 0.3ms)


Started GET "/prototypes/new" for ::1 at 2018-08-04 15:09:45 +0900
Processing by PrototypesController#new as HTML
  [1m[35mUser Load (1.8ms)[0m  SELECT  `users`.* FROM `users` WHERE `users`.`id` = 1  ORDER BY `users`.`id` ASC LIMIT 1
  Rendered prototypes/new.html.haml within layouts/application (40.9ms)
  Rendered shared/_header.html.haml (10.7ms)
  Rendered shared/_messages.html.haml (0.3ms)
  Rendered shared/_footer.html.haml (0.1ms)
Completed 200 OK in 466ms (Views: 423.3ms | ActiveRecord: 1.8ms)


Started GET "/assets/preview.self-901e29063ba92c75e96d2bb8d2844d3dafe25606a54bac0625eff2575ea13f9a.js?body=1" for ::1 at 2018-08-04 15:09:46 +0900


Started GET "/prototypes/new" for ::1 at 2018-08-04 15:10:07 +0900
Processing by PrototypesController#new as HTML
  [1m[36mUser Load (0.5ms)[0m  [1mSELECT  `users`.* FROM `users` WHERE `users`.`id` = 1  ORDER BY `users`.`id` ASC LIMIT 1[0m
  Rendered prototypes/new.html.haml within layouts/application (5.8ms)
  Rendered shared/_header.html.haml (2.2ms)
  Rendered shared/_messages.html.haml (0.3ms)
  Rendered shared/_footer.html.haml (0.1ms)
Completed 200 OK in 151ms (Views: 147.9ms | ActiveRecord: 0.5ms)


Started GET "/assets/preview.self-122fc7adbcf6d1f7633632baac6c711f80be2f09ef1eb6b2c70ad2cbf80acc1a.js?body=1" for ::1 at 2018-08-04 15:10:07 +0900


Started GET "/prototypes/new" for ::1 at 2018-08-04 15:10:43 +0900
Processing by PrototypesController#new as HTML
  [1m[35mUser Load (0.4ms)[0m  SELECT  `users`.* FROM `users` WHERE `users`.`id` = 1  ORDER BY `users`.`id` ASC LIMIT 1
  Rendered prototypes/new.html.haml within layouts/application (6.1ms)
  Rendered shared/_header.html.haml (1.5ms)
  Rendered shared/_messages.html.haml (0.2ms)
  Rendered shared/_footer.html.haml (0.1ms)
Completed 200 OK in 60ms (Views: 56.5ms | ActiveRecord: 0.4ms)


Started GET "/prototypes/new" for ::1 at 2018-08-04 15:11:04 +0900
Processing by PrototypesController#new as HTML
  [1m[36mUser Load (0.3ms)[0m  [1mSELECT  `users`.* FROM `users` WHERE `users`.`id` = 1  ORDER BY `users`.`id` ASC LIMIT 1[0m
  Rendered prototypes/new.html.haml within layouts/application (4.2ms)
  Rendered shared/_header.html.haml (2.3ms)
  Rendered shared/_messages.html.haml (0.1ms)
  Rendered shared/_footer.html.haml (0.1ms)
Completed 200 OK in 71ms (Views: 68.6ms | ActiveRecord: 0.3ms)


Started GET "/prototypes/new" for ::1 at 2018-08-04 15:11:44 +0900
Processing by PrototypesController#new as HTML
  [1m[35mUser Load (0.7ms)[0m  SELECT  `users`.* FROM `users` WHERE `users`.`id` = 1  ORDER BY `users`.`id` ASC LIMIT 1
  Rendered prototypes/new.html.haml within layouts/application (8.5ms)
  Rendered shared/_header.html.haml (2.3ms)
  Rendered shared/_messages.html.haml (0.2ms)
  Rendered shared/_footer.html.haml (0.1ms)
Completed 200 OK in 270ms (Views: 266.4ms | ActiveRecord: 0.7ms)


Started GET "/assets/preview.self-a464856c4281a7d37981d089367bfc482ccf42b3395d8962adb6ee1cc6824746.js?body=1" for ::1 at 2018-08-04 15:11:44 +0900


Started GET "/prototypes/new" for ::1 at 2018-08-04 15:12:27 +0900
Processing by PrototypesController#new as HTML
  [1m[36mUser Load (0.4ms)[0m  [1mSELECT  `users`.* FROM `users` WHERE `users`.`id` = 1  ORDER BY `users`.`id` ASC LIMIT 1[0m
  Rendered prototypes/new.html.haml within layouts/application (4.5ms)
  Rendered shared/_header.html.haml (2.5ms)
  Rendered shared/_messages.html.haml (0.2ms)
  Rendered shared/_footer.html.haml (0.1ms)
Completed 200 OK in 138ms (Views: 134.4ms | ActiveRecord: 0.4ms)


Started GET "/assets/preview.self-64ae6cd9cc41b1ce133ff33a75dc919c3a8b2f8f26ec2c2ea61fac232b08e1f8.js?body=1" for ::1 at 2018-08-04 15:12:27 +0900


Started GET "/prototypes/new" for ::1 at 2018-08-04 15:13:04 +0900
Processing by PrototypesController#new as HTML
  [1m[35mUser Load (0.5ms)[0m  SELECT  `users`.* FROM `users` WHERE `users`.`id` = 1  ORDER BY `users`.`id` ASC LIMIT 1
  Rendered prototypes/new.html.haml within layouts/application (6.7ms)
  Rendered shared/_header.html.haml (1.6ms)
  Rendered shared/_messages.html.haml (0.1ms)
  Rendered shared/_footer.html.haml (0.1ms)
Completed 200 OK in 77ms (Views: 75.2ms | ActiveRecord: 0.5ms)


Started GET "/prototypes/new" for ::1 at 2018-08-04 15:13:30 +0900
Processing by PrototypesController#new as HTML
  [1m[36mUser Load (0.4ms)[0m  [1mSELECT  `users`.* FROM `users` WHERE `users`.`id` = 1  ORDER BY `users`.`id` ASC LIMIT 1[0m
  Rendered prototypes/new.html.haml within layouts/application (5.6ms)
  Rendered shared/_header.html.haml (2.1ms)
  Rendered shared/_messages.html.haml (0.1ms)
  Rendered shared/_footer.html.haml (0.0ms)
Completed 200 OK in 136ms (Views: 132.5ms | ActiveRecord: 0.4ms)


Started GET "/assets/preview.self-3a36444fff11d609b092497ef4a0f5259ab992505b87b9a631827ea0b09c2b82.js?body=1" for ::1 at 2018-08-04 15:13:31 +0900


Started GET "/prototypes/new" for ::1 at 2018-08-04 15:14:02 +0900
Processing by PrototypesController#new as HTML
  [1m[35mUser Load (0.3ms)[0m  SELECT  `users`.* FROM `users` WHERE `users`.`id` = 1  ORDER BY `users`.`id` ASC LIMIT 1
  Rendered prototypes/new.html.haml within layouts/application (3.6ms)
  Rendered shared/_header.html.haml (1.9ms)
  Rendered shared/_messages.html.haml (0.1ms)
  Rendered shared/_footer.html.haml (0.1ms)
Completed 200 OK in 123ms (Views: 120.4ms | ActiveRecord: 0.3ms)


Started GET "/assets/preview.self-2191537dbbf99a0023683e5b00071bd9e6a9cc5da0869cc240d7e77738316cfd.js?body=1" for ::1 at 2018-08-04 15:14:02 +0900


Started GET "/prototypes/new" for ::1 at 2018-08-04 15:21:46 +0900
Processing by PrototypesController#new as HTML
  [1m[36mUser Load (1.8ms)[0m  [1mSELECT  `users`.* FROM `users` WHERE `users`.`id` = 1  ORDER BY `users`.`id` ASC LIMIT 1[0m
  Rendered prototypes/new.html.haml within layouts/application (11.9ms)
  Rendered shared/_header.html.haml (2.9ms)
  Rendered shared/_messages.html.haml (0.2ms)
  Rendered shared/_footer.html.haml (0.1ms)
Completed 200 OK in 184ms (Views: 179.5ms | ActiveRecord: 1.8ms)


Started GET "/assets/preview.self-d01fcdf4692ef7089309d32ea9eb88afaa2036e99e8c88672bb3bbfccfe3b52b.js?body=1" for ::1 at 2018-08-04 15:21:47 +0900


Started GET "/prototypes/new" for ::1 at 2018-08-04 15:26:33 +0900
Processing by PrototypesController#new as HTML
  [1m[35mUser Load (0.6ms)[0m  SELECT  `users`.* FROM `users` WHERE `users`.`id` = 1  ORDER BY `users`.`id` ASC LIMIT 1
  Rendered prototypes/new.html.haml within layouts/application (7.4ms)
  Rendered shared/_header.html.haml (3.2ms)
  Rendered shared/_messages.html.haml (0.1ms)
  Rendered shared/_footer.html.haml (0.1ms)
Completed 200 OK in 306ms (Views: 298.9ms | ActiveRecord: 0.6ms)


Started GET "/assets/preview.self-f5246f15442bddd5d91a613173fbfbf1136eb03eb3c88d666ec34333fe02097d.js?body=1" for ::1 at 2018-08-04 15:26:33 +0900


Started GET "/prototypes/new" for ::1 at 2018-08-04 15:29:12 +0900
Processing by PrototypesController#new as HTML
  [1m[36mUser Load (0.5ms)[0m  [1mSELECT  `users`.* FROM `users` WHERE `users`.`id` = 1  ORDER BY `users`.`id` ASC LIMIT 1[0m
  Rendered prototypes/new.html.haml within layouts/application (7.0ms)
  Rendered shared/_header.html.haml (2.4ms)
  Rendered shared/_messages.html.haml (0.2ms)
  Rendered shared/_footer.html.haml (0.1ms)
Completed 200 OK in 189ms (Views: 184.9ms | ActiveRecord: 0.5ms)


Started GET "/assets/preview.self-e95b975fec8a168731e642cf14e1e4180b5925e21b1ea7955e32351c9a016444.js?body=1" for ::1 at 2018-08-04 15:29:12 +0900


Started GET "/prototypes/new" for ::1 at 2018-08-04 15:30:06 +0900
Processing by PrototypesController#new as HTML
  [1m[35mUser Load (0.5ms)[0m  SELECT  `users`.* FROM `users` WHERE `users`.`id` = 1  ORDER BY `users`.`id` ASC LIMIT 1
  Rendered prototypes/new.html.haml within layouts/application (4.6ms)
  Rendered shared/_header.html.haml (2.2ms)
  Rendered shared/_messages.html.haml (0.1ms)
  Rendered shared/_footer.html.haml (0.1ms)
Completed 200 OK in 144ms (Views: 141.7ms | ActiveRecord: 0.5ms)


Started GET "/assets/preview.self-78dec0155e7ee3fdddff9940c31d8465f8583a1c79fd9a3d7d2114b26febbde9.js?body=1" for ::1 at 2018-08-04 15:30:06 +0900


Started GET "/prototypes/new" for ::1 at 2018-08-04 15:32:01 +0900
Processing by PrototypesController#new as HTML
  [1m[36mUser Load (0.6ms)[0m  [1mSELECT  `users`.* FROM `users` WHERE `users`.`id` = 1  ORDER BY `users`.`id` ASC LIMIT 1[0m
  Rendered prototypes/new.html.haml within layouts/application (8.0ms)
  Rendered shared/_header.html.haml (2.2ms)
  Rendered shared/_messages.html.haml (0.2ms)
  Rendered shared/_footer.html.haml (0.1ms)
Completed 200 OK in 251ms (Views: 249.0ms | ActiveRecord: 0.6ms)


Started GET "/assets/preview.self-1e716121c94fff268d797ada8dc29443f269494d0e6ca7690531ffeab52c9f89.js?body=1" for ::1 at 2018-08-04 15:32:02 +0900


Started GET "/prototypes/new" for ::1 at 2018-08-04 15:34:43 +0900
Processing by PrototypesController#new as HTML
  [1m[35mUser Load (0.4ms)[0m  SELECT  `users`.* FROM `users` WHERE `users`.`id` = 1  ORDER BY `users`.`id` ASC LIMIT 1
  Rendered prototypes/new.html.haml within layouts/application (4.1ms)
  Rendered shared/_header.html.haml (1.8ms)
  Rendered shared/_messages.html.haml (0.2ms)
  Rendered shared/_footer.html.haml (0.1ms)
Completed 200 OK in 128ms (Views: 126.5ms | ActiveRecord: 0.4ms)


Started GET "/assets/preview.self-3b1fb70ddea2ad36e8500a1addfdcc1de05284e6fdfc4756852aa3faffec813c.js?body=1" for ::1 at 2018-08-04 15:34:44 +0900


Started GET "/prototypes/new" for ::1 at 2018-08-04 15:35:08 +0900
Processing by PrototypesController#new as HTML
  [1m[36mUser Load (0.5ms)[0m  [1mSELECT  `users`.* FROM `users` WHERE `users`.`id` = 1  ORDER BY `users`.`id` ASC LIMIT 1[0m
  Rendered prototypes/new.html.haml within layouts/application (5.1ms)
  Rendered shared/_header.html.haml (2.1ms)
  Rendered shared/_messages.html.haml (0.1ms)
  Rendered shared/_footer.html.haml (0.0ms)
Completed 200 OK in 152ms (Views: 150.1ms | ActiveRecord: 0.5ms)


Started GET "/assets/preview.self-1c512f25d0a8a1c31de4e85091d28cb6e63acc03239175e1b82eafc5bf18be65.js?body=1" for ::1 at 2018-08-04 15:35:08 +0900


Started GET "/prototypes/new" for ::1 at 2018-08-04 15:36:21 +0900
Processing by PrototypesController#new as HTML
  [1m[35mUser Load (0.6ms)[0m  SELECT  `users`.* FROM `users` WHERE `users`.`id` = 1  ORDER BY `users`.`id` ASC LIMIT 1
  Rendered prototypes/new.html.haml within layouts/application (7.0ms)
  Rendered shared/_header.html.haml (2.0ms)
  Rendered shared/_messages.html.haml (0.1ms)
  Rendered shared/_footer.html.haml (0.1ms)
Completed 200 OK in 159ms (Views: 155.7ms | ActiveRecord: 0.6ms)


Started GET "/assets/preview.self-10598f4d6cacfdd44a7c52700e1e1051e64a63c310e9a2cba0bdcc010a8f1abe.js?body=1" for ::1 at 2018-08-04 15:36:21 +0900


Started GET "/" for ::1 at 2018-08-04 15:36:32 +0900
Processing by PrototypesController#index as HTML
  [1m[36mPrototype Load (0.6ms)[0m  [1mSELECT `prototypes`.* FROM `prototypes`[0m
  Rendered prototypes/_prototype.html.haml (0.0ms)
  Rendered prototypes/index.html.haml within layouts/application (14.9ms)
  [1m[35mUser Load (6.8ms)[0m  SELECT  `users`.* FROM `users` WHERE `users`.`id` = 1  ORDER BY `users`.`id` ASC LIMIT 1
  Rendered shared/_header.html.haml (11.2ms)
  Rendered shared/_messages.html.haml (0.2ms)
  Rendered shared/_footer.html.haml (0.1ms)
Completed 200 OK in 102ms (Views: 93.8ms | ActiveRecord: 7.4ms)


Started GET "/prototypes/new" for ::1 at 2018-08-04 15:39:23 +0900
Processing by PrototypesController#new as HTML
  [1m[36mUser Load (0.4ms)[0m  [1mSELECT  `users`.* FROM `users` WHERE `users`.`id` = 1  ORDER BY `users`.`id` ASC LIMIT 1[0m
  Rendered prototypes/new.html.haml within layouts/application (5.0ms)
  Rendered shared/_header.html.haml (1.6ms)
  Rendered shared/_messages.html.haml (0.1ms)
  Rendered shared/_footer.html.haml (0.1ms)
Completed 200 OK in 130ms (Views: 128.4ms | ActiveRecord: 0.4ms)


Started GET "/assets/preview.self-87392c48edef87408ca7dca8e6d40740d90ea6e70d91f8fbcd127e3270e95f98.js?body=1" for ::1 at 2018-08-04 15:39:23 +0900


Started GET "/prototypes/new" for ::1 at 2018-08-04 15:40:40 +0900
Processing by PrototypesController#new as HTML
  [1m[35mUser Load (0.7ms)[0m  SELECT  `users`.* FROM `users` WHERE `users`.`id` = 1  ORDER BY `users`.`id` ASC LIMIT 1
  Rendered prototypes/new.html.haml within layouts/application (5.6ms)
  Rendered shared/_header.html.haml (2.0ms)
  Rendered shared/_messages.html.haml (0.1ms)
  Rendered shared/_footer.html.haml (0.0ms)
Completed 200 OK in 148ms (Views: 145.5ms | ActiveRecord: 0.7ms)


Started GET "/assets/preview.self-1a3ed258279da9ea53e89d3ac59fbd51c96270a34569148c5b5e13cc7b75b60e.js?body=1" for ::1 at 2018-08-04 15:40:40 +0900


Started GET "/prototypes/new" for ::1 at 2018-08-04 15:40:52 +0900
Processing by PrototypesController#new as HTML
  [1m[36mUser Load (0.8ms)[0m  [1mSELECT  `users`.* FROM `users` WHERE `users`.`id` = 1  ORDER BY `users`.`id` ASC LIMIT 1[0m
  Rendered prototypes/new.html.haml within layouts/application (5.6ms)
  Rendered shared/_header.html.haml (1.5ms)
  Rendered shared/_messages.html.haml (0.1ms)
  Rendered shared/_footer.html.haml (0.1ms)
Completed 200 OK in 54ms (Views: 51.4ms | ActiveRecord: 0.8ms)


Started GET "/prototypes/new" for ::1 at 2018-08-04 15:44:23 +0900
Processing by PrototypesController#new as HTML
  [1m[35mUser Load (1.5ms)[0m  SELECT  `users`.* FROM `users` WHERE `users`.`id` = 1  ORDER BY `users`.`id` ASC LIMIT 1
  Rendered prototypes/new.html.haml within layouts/application (25.6ms)
  Rendered shared/_header.html.haml (4.8ms)
  Rendered shared/_messages.html.haml (0.4ms)
  Rendered shared/_footer.html.haml (0.2ms)
Completed 200 OK in 150ms (Views: 125.6ms | ActiveRecord: 1.5ms)


Started GET "/prototypes/new" for ::1 at 2018-08-04 15:47:20 +0900
Processing by PrototypesController#new as HTML
  [1m[36mUser Load (0.4ms)[0m  [1mSELECT  `users`.* FROM `users` WHERE `users`.`id` = 1  ORDER BY `users`.`id` ASC LIMIT 1[0m
  Rendered prototypes/new.html.haml within layouts/application (8.5ms)
  Rendered shared/_header.html.haml (4.0ms)
  Rendered shared/_messages.html.haml (0.1ms)
  Rendered shared/_footer.html.haml (0.1ms)
Completed 200 OK in 165ms (Views: 161.9ms | ActiveRecord: 0.4ms)


Started GET "/assets/preview.self-e500a9ed88f7d3c43e2c3882609ccc27867ff8ba54d75a9fc1ebe6a7d3cbce2b.js?body=1" for ::1 at 2018-08-04 15:47:20 +0900


Started GET "/prototypes/new" for ::1 at 2018-08-04 15:49:49 +0900
Processing by PrototypesController#new as HTML
  [1m[35mUser Load (0.4ms)[0m  SELECT  `users`.* FROM `users` WHERE `users`.`id` = 1  ORDER BY `users`.`id` ASC LIMIT 1
  Rendered prototypes/new.html.haml within layouts/application (4.1ms)
  Rendered shared/_header.html.haml (2.4ms)
  Rendered shared/_messages.html.haml (0.1ms)
  Rendered shared/_footer.html.haml (0.1ms)
Completed 200 OK in 63ms (Views: 60.2ms | ActiveRecord: 0.4ms)


Started GET "/prototypes/new" for ::1 at 2018-08-04 15:50:29 +0900
Processing by PrototypesController#new as HTML
  [1m[36mUser Load (0.4ms)[0m  [1mSELECT  `users`.* FROM `users` WHERE `users`.`id` = 1  ORDER BY `users`.`id` ASC LIMIT 1[0m
  Rendered prototypes/new.html.haml within layouts/application (5.9ms)
  Rendered shared/_header.html.haml (2.7ms)
  Rendered shared/_messages.html.haml (0.2ms)
  Rendered shared/_footer.html.haml (0.1ms)
Completed 200 OK in 155ms (Views: 153.0ms | ActiveRecord: 0.4ms)


Started GET "/assets/preview.self-1dcc4892f70c1313e2ffe13b9e59936457942407456029167aa3c6d4c7b94ded.js?body=1" for ::1 at 2018-08-04 15:50:29 +0900


Started GET "/prototypes/new" for ::1 at 2018-08-04 15:53:18 +0900
Processing by PrototypesController#new as HTML
  [1m[35mUser Load (0.3ms)[0m  SELECT  `users`.* FROM `users` WHERE `users`.`id` = 1  ORDER BY `users`.`id` ASC LIMIT 1
  Rendered prototypes/new.html.haml within layouts/application (3.9ms)
  Rendered shared/_header.html.haml (2.7ms)
  Rendered shared/_messages.html.haml (0.1ms)
  Rendered shared/_footer.html.haml (0.1ms)
Completed 200 OK in 162ms (Views: 160.5ms | ActiveRecord: 0.3ms)


Started GET "/assets/preview.self-7130c74cd41583286103937c1159c9c0cf8cee87ae8f16abe6bd3996334aef8e.js?body=1" for ::1 at 2018-08-04 15:53:19 +0900


Started GET "/prototypes/new" for ::1 at 2018-08-04 15:56:18 +0900
Processing by PrototypesController#new as HTML
  [1m[36mUser Load (0.4ms)[0m  [1mSELECT  `users`.* FROM `users` WHERE `users`.`id` = 1  ORDER BY `users`.`id` ASC LIMIT 1[0m
  Rendered prototypes/new.html.haml within layouts/application (4.5ms)
  Rendered shared/_header.html.haml (5.7ms)
  Rendered shared/_messages.html.haml (0.2ms)
  Rendered shared/_footer.html.haml (0.1ms)
Completed 200 OK in 283ms (Views: 280.7ms | ActiveRecord: 0.4ms)


Started GET "/assets/preview.self-d1a38d120dc113dbf310d37181b0ffb747d55741c3cedc3be3ac207af7bf67cd.js?body=1" for ::1 at 2018-08-04 15:56:18 +0900


Started GET "/prototypes/new" for ::1 at 2018-08-04 15:57:28 +0900
Processing by PrototypesController#new as HTML
  [1m[35mUser Load (0.5ms)[0m  SELECT  `users`.* FROM `users` WHERE `users`.`id` = 1  ORDER BY `users`.`id` ASC LIMIT 1
  Rendered prototypes/new.html.haml within layouts/application (13.6ms)
  Rendered shared/_header.html.haml (2.4ms)
  Rendered shared/_messages.html.haml (0.1ms)
  Rendered shared/_footer.html.haml (0.1ms)
Completed 200 OK in 245ms (Views: 238.8ms | ActiveRecord: 0.5ms)


Started GET "/assets/preview.self-1f612980613636fc7820312378be654073dde638ef51c8f75b3b9d20ff2d6996.js?body=1" for ::1 at 2018-08-04 15:57:29 +0900


Started GET "/prototypes/new" for ::1 at 2018-08-04 16:07:40 +0900
Processing by PrototypesController#new as HTML
  [1m[36mUser Load (0.6ms)[0m  [1mSELECT  `users`.* FROM `users` WHERE `users`.`id` = 1  ORDER BY `users`.`id` ASC LIMIT 1[0m
  Rendered prototypes/new.html.haml within layouts/application (11.4ms)
  Rendered shared/_header.html.haml (4.0ms)
  Rendered shared/_messages.html.haml (0.1ms)
  Rendered shared/_footer.html.haml (0.1ms)
Completed 200 OK in 121ms (Views: 116.0ms | ActiveRecord: 0.6ms)


Started GET "/prototypes/new" for ::1 at 2018-08-04 16:11:37 +0900
Processing by PrototypesController#new as HTML
  [1m[35mUser Load (0.5ms)[0m  SELECT  `users`.* FROM `users` WHERE `users`.`id` = 1  ORDER BY `users`.`id` ASC LIMIT 1
  Rendered prototypes/new.html.haml within layouts/application (7.1ms)
  Rendered shared/_header.html.haml (3.0ms)
  Rendered shared/_messages.html.haml (0.1ms)
  Rendered shared/_footer.html.haml (0.1ms)
Completed 200 OK in 177ms (Views: 172.3ms | ActiveRecord: 0.5ms)


Started GET "/assets/preview.self-50d682c1a705e99edab8899d885367df06ef5f5c57b142a5a89ba03001636d56.js?body=1" for ::1 at 2018-08-04 16:11:38 +0900


Started GET "/" for ::1 at 2018-08-04 16:11:49 +0900
Processing by PrototypesController#index as HTML
  [1m[36mPrototype Load (0.9ms)[0m  [1mSELECT `prototypes`.* FROM `prototypes`[0m
  Rendered prototypes/_prototype.html.haml (0.0ms)
  Rendered prototypes/index.html.haml within layouts/application (14.8ms)
  [1m[35mUser Load (0.7ms)[0m  SELECT  `users`.* FROM `users` WHERE `users`.`id` = 1  ORDER BY `users`.`id` ASC LIMIT 1
  Rendered shared/_header.html.haml (40.2ms)
  Rendered shared/_messages.html.haml (0.5ms)
  Rendered shared/_footer.html.haml (0.2ms)
Completed 200 OK in 215ms (Views: 199.3ms | ActiveRecord: 1.6ms)


Started GET "/prototypes/new" for ::1 at 2018-08-04 16:18:28 +0900
Processing by PrototypesController#new as HTML
  [1m[36mUser Load (2.9ms)[0m  [1mSELECT  `users`.* FROM `users` WHERE `users`.`id` = 1  ORDER BY `users`.`id` ASC LIMIT 1[0m
  Rendered prototypes/new.html.haml within layouts/application (41.4ms)
  Rendered shared/_header.html.haml (4.4ms)
  Rendered shared/_messages.html.haml (1.0ms)
  Rendered shared/_footer.html.haml (0.2ms)
Completed 200 OK in 227ms (Views: 203.6ms | ActiveRecord: 2.9ms)


Started GET "/prototypes/new" for ::1 at 2018-08-04 16:20:34 +0900
Processing by PrototypesController#new as HTML
  [1m[35mUser Load (0.7ms)[0m  SELECT  `users`.* FROM `users` WHERE `users`.`id` = 1  ORDER BY `users`.`id` ASC LIMIT 1
  Rendered prototypes/new.html.haml within layouts/application (7.1ms)
  Rendered shared/_header.html.haml (3.0ms)
  Rendered shared/_messages.html.haml (0.1ms)
  Rendered shared/_footer.html.haml (0.1ms)
Completed 200 OK in 81ms (Views: 78.0ms | ActiveRecord: 0.7ms)


Started GET "/" for ::1 at 2018-08-04 16:20:36 +0900
Processing by PrototypesController#index as HTML
  [1m[36mPrototype Load (1.0ms)[0m  [1mSELECT `prototypes`.* FROM `prototypes`[0m
  Rendered prototypes/_prototype.html.haml (0.0ms)
  Rendered prototypes/index.html.haml within layouts/application (8.6ms)
  [1m[35mUser Load (0.6ms)[0m  SELECT  `users`.* FROM `users` WHERE `users`.`id` = 1  ORDER BY `users`.`id` ASC LIMIT 1
  Rendered shared/_header.html.haml (4.3ms)
  Rendered shared/_messages.html.haml (0.1ms)
  Rendered shared/_footer.html.haml (0.1ms)
Completed 200 OK in 107ms (Views: 104.0ms | ActiveRecord: 1.5ms)
